Log file open, 01/15/22 09:10:46
LogWindows: Failed to load 'aqProf.dll' (GetLastError=126)
LogWindows: File 'aqProf.dll' does not exist
LogWindows: Failed to load 'VtuneApi.dll' (GetLastError=126)
LogWindows: File 'VtuneApi.dll' does not exist
LogWindows: Failed to load 'VtuneApi32e.dll' (GetLastError=126)
LogWindows: File 'VtuneApi32e.dll' does not exist
LogConsoleResponse: Display: Failed to find resolution value strings in scalability ini. Falling back to default.
LogConsoleResponse: Display: Failed to find resolution value strings in scalability ini. Falling back to default.
LogInit: Display: Running engine for game: FirstProject
LogPlatformFile: Not using cached read wrapper
LogTaskGraph: Started task graph with 5 named threads and 11 total threads with 3 sets of task threads.
LogStats: Stats thread started at 0.361497
LogICUInternationalization: ICU TimeZone Detection - Raw Offset: -5:00, Platform Override: ''
LogInit: Display: Loading text-based GConfig....
LogPluginManager: Mounting plugin MeshPainting
LogPluginManager: Mounting plugin XGEController
LogPluginManager: Mounting plugin AISupport
LogPluginManager: Mounting plugin EnvironmentQueryEditor
LogPluginManager: Mounting plugin Paper2D
LogPluginManager: Mounting plugin LightPropagationVolume
LogPluginManager: Mounting plugin LiveLink
LogPluginManager: Mounting plugin CameraShakePreviewer
LogPluginManager: Mounting plugin GameplayCameras
LogPluginManager: Mounting plugin OodleData
LogPluginManager: Mounting plugin AnimationSharing
LogPluginManager: Mounting plugin CLionSourceCodeAccess
LogPluginManager: Mounting plugin OodleNetwork
LogPluginManager: Mounting plugin CodeLiteSourceCodeAccess
LogPluginManager: Mounting plugin GitSourceControl
LogPluginManager: Mounting plugin KDevelopSourceCodeAccess
LogPluginManager: Mounting plugin NullSourceCodeAccess
LogPluginManager: Mounting plugin PerforceSourceControl
LogPluginManager: Mounting plugin PixWinPlugin
LogPluginManager: Mounting plugin PlasticSourceControl
LogPluginManager: Mounting plugin PluginUtils
LogPluginManager: Mounting plugin PropertyAccessNode
LogPluginManager: Mounting plugin RiderSourceCodeAccess
LogPluginManager: Mounting plugin SubversionSourceControl
LogPluginManager: Mounting plugin TextureFormatOodle
LogPluginManager: Mounting plugin UObjectPlugin
LogPluginManager: Mounting plugin VisualStudioSourceCodeAccess
LogPluginManager: Mounting plugin VisualStudioCodeSourceCodeAccess
LogPluginManager: Mounting plugin AssetManagerEditor
LogPluginManager: Mounting plugin XCodeSourceCodeAccess
LogPluginManager: Mounting plugin CryptoKeys
LogPluginManager: Mounting plugin CurveEditorTools
LogPluginManager: Mounting plugin DataValidation
LogPluginManager: Mounting plugin FacialAnimation
LogPluginManager: Mounting plugin GameplayTagsEditor
LogPluginManager: Mounting plugin GeometryMode
LogPluginManager: Mounting plugin MacGraphicsSwitching
LogPluginManager: Mounting plugin MaterialAnalyzer
LogPluginManager: Mounting plugin MobileLauncherProfileWizard
LogPluginManager: Mounting plugin PluginBrowser
LogPluginManager: Mounting plugin SpeedTreeImporter
LogPluginManager: Mounting plugin Niagara
LogPluginManager: Mounting plugin AlembicImporter
LogPluginManager: Mounting plugin AutomationUtils
LogPluginManager: Mounting plugin BackChannel
LogPluginManager: Mounting plugin ChaosCloth
LogPluginManager: Mounting plugin ChaosClothEditor
LogPluginManager: Mounting plugin DatasmithContent
LogPluginManager: Mounting plugin ChaosEditor
LogPluginManager: Mounting plugin VariantManagerContent
LogPluginManager: Mounting plugin ChaosSolverPlugin
LogPluginManager: Mounting plugin ChaosNiagara
LogPluginManager: Mounting plugin CharacterAI
LogPluginManager: Mounting plugin GeometryCache
LogPluginManager: Mounting plugin GeometryProcessing
LogPluginManager: Mounting plugin GeometryCollectionPlugin
LogPluginManager: Mounting plugin MotoSynth
LogPluginManager: Mounting plugin OpenImageDenoise
LogPluginManager: Mounting plugin PlanarCut
LogPluginManager: Mounting plugin PlatformCrypto
LogPluginManager: Mounting plugin ProxyLODPlugin
LogPluginManager: Mounting plugin PythonScriptPlugin
LogPluginManager: Mounting plugin SkeletalReduction
LogPluginManager: Mounting plugin MagicLeap
LogPluginManager: Mounting plugin LuminPlatformFeatures
LogPluginManager: Mounting plugin MagicLeapLightEstimation
LogPluginManager: Mounting plugin MagicLeapMedia
LogPluginManager: Mounting plugin MagicLeapPassableWorld
LogPluginManager: Mounting plugin MLSDK
LogPluginManager: Mounting plugin AndroidMedia
LogPluginManager: Mounting plugin AvfMedia
LogPluginManager: Mounting plugin ImgMedia
LogPluginManager: Mounting plugin MediaCompositing
LogPluginManager: Mounting plugin MediaPlayerEditor
LogPluginManager: Mounting plugin WebMMedia
LogPluginManager: Mounting plugin WmfMedia
LogPluginManager: Mounting plugin TcpMessaging
LogPluginManager: Mounting plugin UdpMessaging
LogPluginManager: Mounting plugin ActorSequence
LogPluginManager: Mounting plugin LevelSequenceEditor
LogPluginManager: Mounting plugin MatineeToLevelSequence
LogPluginManager: Mounting plugin TemplateSequence
LogPluginManager: Mounting plugin OnlineSubsystem
LogPluginManager: Mounting plugin OnlineSubsystemNull
LogPluginManager: Mounting plugin OnlineSubsystemUtils
LogPluginManager: Mounting plugin LauncherChunkInstaller
LogPluginManager: Mounting plugin ActorLayerUtilities
LogPluginManager: Mounting plugin AndroidDeviceProfileSelector
LogPluginManager: Mounting plugin AndroidMoviePlayer
LogPluginManager: Mounting plugin AndroidPermission
LogPluginManager: Mounting plugin AppleImageUtils
LogPluginManager: Mounting plugin AppleMoviePlayer
LogPluginManager: Mounting plugin ArchVisCharacter
LogPluginManager: Mounting plugin AssetTags
LogPluginManager: Mounting plugin AudioCapture
LogPluginManager: Mounting plugin AudioSynesthesia
LogPluginManager: Mounting plugin CableComponent
LogPluginManager: Mounting plugin ChunkDownloader
LogPluginManager: Mounting plugin CustomMeshComponent
LogPluginManager: Mounting plugin ExampleDeviceProfileSelector
LogPluginManager: Mounting plugin EditableMesh
LogPluginManager: Mounting plugin GoogleCloudMessaging
LogPluginManager: Mounting plugin GooglePAD
LogPluginManager: Mounting plugin IOSDeviceProfileSelector
LogPluginManager: Mounting plugin LinuxDeviceProfileSelector
LogPluginManager: Mounting plugin LocationServicesBPLibrary
LogPluginManager: Mounting plugin MobilePatchingUtils
LogPluginManager: Mounting plugin OpenXR
LogPluginManager: Mounting plugin OpenXREyeTracker
LogPluginManager: Mounting plugin OpenXRHandTracking
LogPluginManager: Mounting plugin PhysXVehicles
LogPluginManager: Mounting plugin PostSplashScreen
LogPluginManager: Mounting plugin ProceduralMeshComponent
LogPluginManager: Mounting plugin PropertyAccessEditor
LogPluginManager: Mounting plugin RuntimePhysXCooking
LogPluginManager: Mounting plugin SignificanceManager
LogPluginManager: Mounting plugin SoundFields
LogPluginManager: Mounting plugin Synthesis
LogPluginManager: Mounting plugin WebMMoviePlayer
LogPluginManager: Mounting plugin WindowsMoviePlayer
LogPluginManager: Mounting plugin ScreenshotTools
LogPluginManager: Mounting plugin Takes
LogPluginManager: Mounting plugin ContentBrowserAssetDataSource
LogPluginManager: Mounting plugin ContentBrowserFileDataSource
LogPluginManager: Mounting plugin ContentBrowserClassDataSource
LogPluginManager: Mounting plugin OnlineSubsystemGooglePlay
LogPluginManager: Mounting plugin OnlineSubsystemIOS
LogPluginManager: Mounting plugin OculusVR
LogPluginManager: Mounting plugin SteamVR
PixWinPlugin: PIX capture plugin failed to initialize! Check that the process is launched from PIX.
LogInit: Using libcurl 7.55.1-DEV
LogInit:  - built for x86_64-pc-win32
LogInit:  - supports SSL with OpenSSL/1.1.1
LogInit:  - supports HTTP deflate (compression) using libz 1.2.8
LogInit:  - other features:
LogInit:      CURL_VERSION_SSL
LogInit:      CURL_VERSION_LIBZ
LogInit:      CURL_VERSION_IPV6
LogInit:      CURL_VERSION_ASYNCHDNS
LogInit:      CURL_VERSION_LARGEFILE
LogInit:      CURL_VERSION_IDN
LogInit:  CurlRequestOptions (configurable via config and command line):
LogInit:  - bVerifyPeer = true  - Libcurl will verify peer certificate
LogInit:  - bUseHttpProxy = false  - Libcurl will NOT use HTTP proxy
LogInit:  - bDontReuseConnections = false  - Libcurl will reuse connections
LogInit:  - MaxHostConnections = 16  - Libcurl will limit the number of connections to a host
LogInit:  - LocalHostAddr = Default
LogInit:  - BufferSize = 65536
LogOnline: OSS: Creating online subsystem instance for: NULL
LogInit: WinSock: version 1.1 (2.2), MaxSocks=32767, MaxUdp=65467
LogOnline: OSS: TryLoadSubsystemAndSetDefault: Loaded subsystem for module [NULL]
LogOculusPluginWrapper: OculusPlugin initialized successfully
LogHMD: Failed initializing OVRPlugin 1.59.0
LogInit: Build: ++UE4+Release-4.27-CL-18319896
LogInit: Engine Version: 4.27.2-18319896+++UE4+Release-4.27
LogInit: Compatible Engine Version: 4.27.0-17155196+++UE4+Release-4.27
LogInit: Net CL: 17155196
LogInit: OS: Windows 10 (Release 2009) (), CPU: Intel(R) Core(TM) i5-7200U CPU @ 2.50GHz, GPU: Intel(R) HD Graphics 620
LogInit: Compiled (64-bit): Nov 30 2021 07:12:08
LogInit: Compiled with Visual C++: 19.24.28315.00
LogInit: Build Configuration: Development
LogInit: Branch Name: ++UE4+Release-4.27
LogInit: Command Line: 
LogInit: Base Directory: C:/Program Files/Epic Games/UE_4.27/Engine/Binaries/Win64/
LogInit: Allocator: TBB
LogInit: Installed Engine Build: 1
LogDevObjectVersion: Number of dev versions registered: 29
LogDevObjectVersion:   Dev-Blueprints (B0D832E4-1F89-4F0D-ACCF-7EB736FD4AA2): 10
LogDevObjectVersion:   Dev-Build (E1C64328-A22C-4D53-A36C-8E866417BD8C): 0
LogDevObjectVersion:   Dev-Core (375EC13C-06E4-48FB-B500-84F0262A717E): 4
LogDevObjectVersion:   Dev-Editor (E4B068ED-F494-42E9-A231-DA0B2E46BB41): 40
LogDevObjectVersion:   Dev-Framework (CFFC743F-43B0-4480-9391-14DF171D2073): 37
LogDevObjectVersion:   Dev-Mobile (B02B49B5-BB20-44E9-A304-32B752E40360): 3
LogDevObjectVersion:   Dev-Networking (A4E4105C-59A1-49B5-A7C5-40C4547EDFEE): 0
LogDevObjectVersion:   Dev-Online (39C831C9-5AE6-47DC-9A44-9C173E1C8E7C): 0
LogDevObjectVersion:   Dev-Physics (78F01B33-EBEA-4F98-B9B4-84EACCB95AA2): 14
LogDevObjectVersion:   Dev-Platform (6631380F-2D4D-43E0-8009-CF276956A95A): 0
LogDevObjectVersion:   Dev-Rendering (12F88B9F-8875-4AFC-A67C-D90C383ABD29): 45
LogDevObjectVersion:   Dev-Sequencer (7B5AE74C-D270-4C10-A958-57980B212A5A): 13
LogDevObjectVersion:   Dev-VR (D7296918-1DD6-4BDD-9DE2-64A83CC13884): 3
LogDevObjectVersion:   Dev-LoadTimes (C2A15278-BFE7-4AFE-6C17-90FF531DF755): 1
LogDevObjectVersion:   Private-Geometry (6EACA3D4-40EC-4CC1-B786-8BED09428FC5): 3
LogDevObjectVersion:   Dev-AnimPhys (29E575DD-E0A3-4627-9D10-D276232CDCEA): 17
LogDevObjectVersion:   Dev-Anim (AF43A65D-7FD3-4947-9873-3E8ED9C1BB05): 15
LogDevObjectVersion:   Dev-ReflectionCapture (6B266CEC-1EC7-4B8F-A30B-E4D90942FC07): 1
LogDevObjectVersion:   Dev-Automation (0DF73D61-A23F-47EA-B727-89E90C41499A): 1
LogDevObjectVersion:   FortniteMain (601D1886-AC64-4F84-AA16-D3DE0DEAC7D6): 47
LogDevObjectVersion:   FortniteRelease (E7086368-6B23-4C58-8439-1B7016265E91): 1
LogDevObjectVersion:   Dev-Enterprise (9DFFBCD6-494F-0158-E221-12823C92A888): 10
LogDevObjectVersion:   Dev-Niagara (F2AED0AC-9AFE-416F-8664-AA7FFA26D6FC): 1
LogDevObjectVersion:   Dev-Destruction (174F1F0B-B4C6-45A5-B13F-2EE8D0FB917D): 10
LogDevObjectVersion:   Dev-Physics-Ext (35F94A83-E258-406C-A318-09F59610247C): 41
LogDevObjectVersion:   Dev-PhysicsMaterial-Chaos (B68FC16E-8B1B-42E2-B453-215C058844FE): 1
LogDevObjectVersion:   Dev-CineCamera (B2E18506-4273-CFC2-A54E-F4BB758BBA07): 1
LogDevObjectVersion:   Dev-VirtualProduction (64F58936-FD1B-42BA-BA96-7289D5D0FA4E): 1
LogDevObjectVersion:   Dev-MediaFramework (6F0ED827-A609-4895-9C91-998D90180EA4): 2
LogInit: Presizing for max 25165824 objects, including 0 objects not considered by GC, pre-allocating 0 bytes for permanent pool.
LogConfig: Applying CVar settings from Section [/Script/Engine.StreamingSettings] File [C:/Users/zuly-/OneDrive/Documentos/UnrealEngneCourse/UnrealUltimateGameDevCourse/FirstProject/Saved/Config/Windows/Engine.ini]
LogConfig: Setting CVar [[s.MinBulkDataSizeForAsyncLoading:131072]]
LogConfig: Setting CVar [[s.AsyncLoadingThreadEnabled:0]]
LogConfig: Setting CVar [[s.EventDrivenLoaderEnabled:1]]
LogConfig: Setting CVar [[s.WarnIfTimeLimitExceeded:0]]
LogConfig: Setting CVar [[s.TimeLimitExceededMultiplier:1.5]]
LogConfig: Setting CVar [[s.TimeLimitExceededMinTime:0.005]]
LogConfig: Setting CVar [[s.UseBackgroundLevelStreaming:1]]
LogConfig: Setting CVar [[s.PriorityAsyncLoadingExtraTime:15.0]]
LogConfig: Setting CVar [[s.LevelStreamingActorsUpdateTimeLimit:5.0]]
LogConfig: Setting CVar [[s.PriorityLevelStreamingActorsUpdateExtraTime:5.0]]
LogConfig: Setting CVar [[s.LevelStreamingComponentsRegistrationGranularity:10]]
LogConfig: Setting CVar [[s.UnregisterComponentsTimeLimit:1.0]]
LogConfig: Setting CVar [[s.LevelStreamingComponentsUnregistrationGranularity:5]]
LogConfig: Setting CVar [[s.FlushStreamingOnExit:1]]
LogInit: Object subsystem initialized
LogConfig: Setting CVar [[con.DebugEarlyDefault:1]]
LogConfig: Setting CVar [[r.setres:1280x720]]
[2022.01.15-14.10.46:898][  0]LogConfig: Setting CVar [[r.VSync:0]]
[2022.01.15-14.10.46:898][  0]LogConfig: Setting CVar [[r.RHICmdBypass:0]]
[2022.01.15-14.10.46:898][  0]LogConfig: Applying CVar settings from Section [/Script/Engine.RendererSettings] File [C:/Users/zuly-/OneDrive/Documentos/UnrealEngneCourse/UnrealUltimateGameDevCourse/FirstProject/Saved/Config/Windows/Engine.ini]
[2022.01.15-14.10.46:898][  0]LogConfig: Setting CVar [[r.GPUCrashDebugging:0]]
[2022.01.15-14.10.46:898][  0]LogConfig: Applying CVar settings from Section [/Script/Engine.RendererOverrideSettings] File [C:/Users/zuly-/OneDrive/Documentos/UnrealEngneCourse/UnrealUltimateGameDevCourse/FirstProject/Saved/Config/Windows/Engine.ini]
[2022.01.15-14.10.46:898][  0]LogConfig: Applying CVar settings from Section [/Script/Engine.StreamingSettings] File [C:/Users/zuly-/OneDrive/Documentos/UnrealEngneCourse/UnrealUltimateGameDevCourse/FirstProject/Saved/Config/Windows/Engine.ini]
[2022.01.15-14.10.46:898][  0]LogConfig: Setting CVar [[s.MinBulkDataSizeForAsyncLoading:131072]]
[2022.01.15-14.10.46:898][  0]LogConfig: Setting CVar [[s.AsyncLoadingThreadEnabled:0]]
[2022.01.15-14.10.46:898][  0]LogConfig: Setting CVar [[s.EventDrivenLoaderEnabled:1]]
[2022.01.15-14.10.46:898][  0]LogConfig: Setting CVar [[s.WarnIfTimeLimitExceeded:0]]
[2022.01.15-14.10.46:898][  0]LogConfig: Setting CVar [[s.TimeLimitExceededMultiplier:1.5]]
[2022.01.15-14.10.46:898][  0]LogConfig: Setting CVar [[s.TimeLimitExceededMinTime:0.005]]
[2022.01.15-14.10.46:898][  0]LogConfig: Setting CVar [[s.UseBackgroundLevelStreaming:1]]
[2022.01.15-14.10.46:899][  0]LogConfig: Setting CVar [[s.PriorityAsyncLoadingExtraTime:15.0]]
[2022.01.15-14.10.46:899][  0]LogConfig: Setting CVar [[s.LevelStreamingActorsUpdateTimeLimit:5.0]]
[2022.01.15-14.10.46:899][  0]LogConfig: Setting CVar [[s.PriorityLevelStreamingActorsUpdateExtraTime:5.0]]
[2022.01.15-14.10.46:899][  0]LogConfig: Setting CVar [[s.LevelStreamingComponentsRegistrationGranularity:10]]
[2022.01.15-14.10.46:899][  0]LogConfig: Setting CVar [[s.UnregisterComponentsTimeLimit:1.0]]
[2022.01.15-14.10.46:899][  0]LogConfig: Setting CVar [[s.LevelStreamingComponentsUnregistrationGranularity:5]]
[2022.01.15-14.10.46:899][  0]LogConfig: Setting CVar [[s.FlushStreamingOnExit:1]]
[2022.01.15-14.10.46:899][  0]LogConfig: Applying CVar settings from Section [/Script/Engine.GarbageCollectionSettings] File [C:/Users/zuly-/OneDrive/Documentos/UnrealEngneCourse/UnrealUltimateGameDevCourse/FirstProject/Saved/Config/Windows/Engine.ini]
[2022.01.15-14.10.46:899][  0]LogConfig: Setting CVar [[gc.MaxObjectsNotConsideredByGC:1]]
[2022.01.15-14.10.46:899][  0]LogConfig: Setting CVar [[gc.SizeOfPermanentObjectPool:0]]
[2022.01.15-14.10.46:899][  0]LogConfig: Setting CVar [[gc.FlushStreamingOnGC:0]]
[2022.01.15-14.10.46:899][  0]LogConfig: Setting CVar [[gc.NumRetriesBeforeForcingGC:10]]
[2022.01.15-14.10.46:899][  0]LogConfig: Setting CVar [[gc.AllowParallelGC:1]]
[2022.01.15-14.10.46:899][  0]LogConfig: Setting CVar [[gc.TimeBetweenPurgingPendingKillObjects:61.1]]
[2022.01.15-14.10.46:899][  0]LogConfig: Setting CVar [[gc.MaxObjectsInEditor:25165824]]
[2022.01.15-14.10.46:899][  0]LogConfig: Setting CVar [[gc.IncrementalBeginDestroyEnabled:1]]
[2022.01.15-14.10.46:899][  0]LogConfig: Setting CVar [[gc.CreateGCClusters:1]]
[2022.01.15-14.10.46:899][  0]LogConfig: Setting CVar [[gc.MinGCClusterSize:5]]
[2022.01.15-14.10.46:899][  0]LogConfig: Setting CVar [[gc.ActorClusteringEnabled:0]]
[2022.01.15-14.10.46:899][  0]LogConfig: Setting CVar [[gc.BlueprintClusteringEnabled:0]]
[2022.01.15-14.10.46:899][  0]LogConfig: Setting CVar [[gc.UseDisregardForGCOnDedicatedServers:0]]
[2022.01.15-14.10.46:899][  0]LogConfig: Setting CVar [[gc.MultithreadedDestructionEnabled:1]]
[2022.01.15-14.10.46:899][  0]LogConfig: Applying CVar settings from Section [/Script/Engine.NetworkSettings] File [C:/Users/zuly-/OneDrive/Documentos/UnrealEngneCourse/UnrealUltimateGameDevCourse/FirstProject/Saved/Config/Windows/Engine.ini]
[2022.01.15-14.10.46:899][  0]LogConfig: Applying CVar settings from Section [/Script/UnrealEd.CookerSettings] File [C:/Users/zuly-/OneDrive/Documentos/UnrealEngneCourse/UnrealUltimateGameDevCourse/FirstProject/Saved/Config/Windows/Engine.ini]
[2022.01.15-14.10.46:928][  0]LogConfig: Applying CVar settings from Section [ViewDistanceQuality@3] File [C:/Users/zuly-/OneDrive/Documentos/UnrealEngneCourse/UnrealUltimateGameDevCourse/FirstProject/Saved/Config/Windows/Scalability.ini]
[2022.01.15-14.10.46:928][  0]LogConfig: Setting CVar [[r.SkeletalMeshLODBias:0]]
[2022.01.15-14.10.46:928][  0]LogConfig: Setting CVar [[r.ViewDistanceScale:1.0]]
[2022.01.15-14.10.46:928][  0]LogConfig: Applying CVar settings from Section [AntiAliasingQuality@3] File [C:/Users/zuly-/OneDrive/Documentos/UnrealEngneCourse/UnrealUltimateGameDevCourse/FirstProject/Saved/Config/Windows/Scalability.ini]
[2022.01.15-14.10.46:928][  0]LogConfig: Setting CVar [[r.PostProcessAAQuality:4]]
[2022.01.15-14.10.46:928][  0]LogConfig: Applying CVar settings from Section [ShadowQuality@3] File [C:/Users/zuly-/OneDrive/Documentos/UnrealEngneCourse/UnrealUltimateGameDevCourse/FirstProject/Saved/Config/Windows/Scalability.ini]
[2022.01.15-14.10.46:928][  0]LogConfig: Setting CVar [[r.LightFunctionQuality:1]]
[2022.01.15-14.10.46:928][  0]LogConfig: Setting CVar [[r.ShadowQuality:5]]
[2022.01.15-14.10.46:928][  0]LogConfig: Setting CVar [[r.Shadow.CSM.MaxCascades:10]]
[2022.01.15-14.10.46:928][  0]LogConfig: Setting CVar [[r.Shadow.MaxResolution:2048]]
[2022.01.15-14.10.46:928][  0]LogConfig: Setting CVar [[r.Shadow.MaxCSMResolution:2048]]
[2022.01.15-14.10.46:928][  0]LogConfig: Setting CVar [[r.Shadow.RadiusThreshold:0.01]]
[2022.01.15-14.10.46:928][  0]LogConfig: Setting CVar [[r.Shadow.DistanceScale:1.0]]
[2022.01.15-14.10.46:928][  0]LogConfig: Setting CVar [[r.Shadow.CSM.TransitionScale:1.0]]
[2022.01.15-14.10.46:928][  0]LogConfig: Setting CVar [[r.Shadow.PreShadowResolutionFactor:1.0]]
[2022.01.15-14.10.46:928][  0]LogConfig: Setting CVar [[r.DistanceFieldShadowing:1]]
[2022.01.15-14.10.46:928][  0]LogConfig: Setting CVar [[r.DistanceFieldAO:1]]
[2022.01.15-14.10.46:928][  0]LogConfig: Setting CVar [[r.AOQuality:2]]
[2022.01.15-14.10.46:928][  0]LogConfig: Setting CVar [[r.VolumetricFog:1]]
[2022.01.15-14.10.46:928][  0]LogConfig: Setting CVar [[r.VolumetricFog.GridPixelSize:8]]
[2022.01.15-14.10.46:928][  0]LogConfig: Setting CVar [[r.VolumetricFog.GridSizeZ:128]]
[2022.01.15-14.10.46:928][  0]LogConfig: Setting CVar [[r.VolumetricFog.HistoryMissSupersampleCount:4]]
[2022.01.15-14.10.46:928][  0]LogConfig: Setting CVar [[r.LightMaxDrawDistanceScale:1]]
[2022.01.15-14.10.46:928][  0]LogConfig: Setting CVar [[r.CapsuleShadows:1]]
[2022.01.15-14.10.46:928][  0]LogConfig: Applying CVar settings from Section [PostProcessQuality@3] File [C:/Users/zuly-/OneDrive/Documentos/UnrealEngneCourse/UnrealUltimateGameDevCourse/FirstProject/Saved/Config/Windows/Scalability.ini]
[2022.01.15-14.10.46:928][  0]LogConfig: Setting CVar [[r.MotionBlurQuality:4]]
[2022.01.15-14.10.46:928][  0]LogConfig: Setting CVar [[r.AmbientOcclusionMipLevelFactor:0.4]]
[2022.01.15-14.10.46:928][  0]LogConfig: Setting CVar [[r.AmbientOcclusionMaxQuality:100]]
[2022.01.15-14.10.46:928][  0]LogConfig: Setting CVar [[r.AmbientOcclusionLevels:-1]]
[2022.01.15-14.10.46:928][  0]LogConfig: Setting CVar [[r.AmbientOcclusionRadiusScale:1.0]]
[2022.01.15-14.10.46:928][  0]LogConfig: Setting CVar [[r.DepthOfFieldQuality:2]]
[2022.01.15-14.10.46:928][  0]LogConfig: Setting CVar [[r.RenderTargetPoolMin:400]]
[2022.01.15-14.10.46:928][  0]LogConfig: Setting CVar [[r.LensFlareQuality:2]]
[2022.01.15-14.10.46:928][  0]LogConfig: Setting CVar [[r.SceneColorFringeQuality:1]]
[2022.01.15-14.10.46:928][  0]LogConfig: Setting CVar [[r.EyeAdaptationQuality:2]]
[2022.01.15-14.10.46:928][  0]LogConfig: Setting CVar [[r.BloomQuality:5]]
[2022.01.15-14.10.46:928][  0]LogConfig: Setting CVar [[r.FastBlurThreshold:100]]
[2022.01.15-14.10.46:928][  0]LogConfig: Setting CVar [[r.Upscale.Quality:3]]
[2022.01.15-14.10.46:928][  0]LogConfig: Setting CVar [[r.Tonemapper.GrainQuantization:1]]
[2022.01.15-14.10.46:928][  0]LogConfig: Setting CVar [[r.LightShaftQuality:1]]
[2022.01.15-14.10.46:928][  0]LogConfig: Setting CVar [[r.Filter.SizeScale:1]]
[2022.01.15-14.10.46:929][  0]LogConfig: Setting CVar [[r.Tonemapper.Quality:5]]
[2022.01.15-14.10.46:929][  0]LogConfig: Setting CVar [[r.DOF.Gather.AccumulatorQuality:1        ; higher gathering accumulator quality]]
[2022.01.15-14.10.46:929][  0]LogConfig: Setting CVar [[r.DOF.Gather.PostfilterMethod:1          ; Median3x3 postfilering method]]
[2022.01.15-14.10.46:929][  0]LogConfig: Setting CVar [[r.DOF.Gather.EnableBokehSettings:0       ; no bokeh simulation when gathering]]
[2022.01.15-14.10.46:929][  0]LogConfig: Setting CVar [[r.DOF.Gather.RingCount:4                 ; medium number of samples when gathering]]
[2022.01.15-14.10.46:929][  0]LogConfig: Setting CVar [[r.DOF.Scatter.ForegroundCompositing:1    ; additive foreground scattering]]
[2022.01.15-14.10.46:929][  0]LogConfig: Setting CVar [[r.DOF.Scatter.BackgroundCompositing:2    ; additive background scattering]]
[2022.01.15-14.10.46:929][  0]LogConfig: Setting CVar [[r.DOF.Scatter.EnableBokehSettings:1      ; bokeh simulation when scattering]]
[2022.01.15-14.10.46:929][  0]LogConfig: Setting CVar [[r.DOF.Scatter.MaxSpriteRatio:0.1         ; only a maximum of 10% of scattered bokeh]]
[2022.01.15-14.10.46:929][  0]LogConfig: Setting CVar [[r.DOF.Recombine.Quality:1                ; cheap slight out of focus]]
[2022.01.15-14.10.46:929][  0]LogConfig: Setting CVar [[r.DOF.Recombine.EnableBokehSettings:0    ; no bokeh simulation on slight out of focus]]
[2022.01.15-14.10.46:929][  0]LogConfig: Setting CVar [[r.DOF.TemporalAAQuality:1                ; more stable temporal accumulation]]
[2022.01.15-14.10.46:929][  0]LogConfig: Setting CVar [[r.DOF.Kernel.MaxForegroundRadius:0.025]]
[2022.01.15-14.10.46:929][  0]LogConfig: Setting CVar [[r.DOF.Kernel.MaxBackgroundRadius:0.025]]
[2022.01.15-14.10.46:929][  0]LogConfig: Applying CVar settings from Section [TextureQuality@3] File [C:/Users/zuly-/OneDrive/Documentos/UnrealEngneCourse/UnrealUltimateGameDevCourse/FirstProject/Saved/Config/Windows/Scalability.ini]
[2022.01.15-14.10.46:929][  0]LogConfig: Setting CVar [[r.Streaming.MipBias:0]]
[2022.01.15-14.10.46:929][  0]LogConfig: Setting CVar [[r.Streaming.AmortizeCPUToGPUCopy:0]]
[2022.01.15-14.10.46:929][  0]LogConfig: Setting CVar [[r.Streaming.MaxNumTexturesToStreamPerFrame:0]]
[2022.01.15-14.10.46:929][  0]LogConfig: Setting CVar [[r.Streaming.Boost:1]]
[2022.01.15-14.10.46:929][  0]LogConfig: Setting CVar [[r.MaxAnisotropy:8]]
[2022.01.15-14.10.46:929][  0]LogConfig: Setting CVar [[r.VT.MaxAnisotropy:8]]
[2022.01.15-14.10.46:929][  0]LogConfig: Setting CVar [[r.Streaming.LimitPoolSizeToVRAM:0]]
[2022.01.15-14.10.46:929][  0]LogConfig: Setting CVar [[r.Streaming.PoolSize:1000]]
[2022.01.15-14.10.46:929][  0]LogConfig: Setting CVar [[r.Streaming.MaxEffectiveScreenSize:0]]
[2022.01.15-14.10.46:929][  0]LogConfig: Applying CVar settings from Section [EffectsQuality@3] File [C:/Users/zuly-/OneDrive/Documentos/UnrealEngneCourse/UnrealUltimateGameDevCourse/FirstProject/Saved/Config/Windows/Scalability.ini]
[2022.01.15-14.10.46:929][  0]LogConfig: Setting CVar [[r.TranslucencyLightingVolumeDim:64]]
[2022.01.15-14.10.46:929][  0]LogConfig: Setting CVar [[r.RefractionQuality:2]]
[2022.01.15-14.10.46:929][  0]LogConfig: Setting CVar [[r.SSR.Quality:3]]
[2022.01.15-14.10.46:929][  0]LogConfig: Setting CVar [[r.SSR.HalfResSceneColor:0]]
[2022.01.15-14.10.46:929][  0]LogConfig: Setting CVar [[r.SceneColorFormat:4]]
[2022.01.15-14.10.46:929][  0]LogConfig: Setting CVar [[r.DetailMode:2]]
[2022.01.15-14.10.46:929][  0]LogConfig: Setting CVar [[r.TranslucencyVolumeBlur:1]]
[2022.01.15-14.10.46:929][  0]LogConfig: Setting CVar [[r.MaterialQualityLevel:1 ; High quality]]
[2022.01.15-14.10.46:929][  0]LogConfig: Setting CVar [[r.AnisotropicMaterials:1]]
[2022.01.15-14.10.46:929][  0]LogConfig: Setting CVar [[r.SSS.Scale:1]]
[2022.01.15-14.10.46:929][  0]LogConfig: Setting CVar [[r.SSS.SampleSet:2]]
[2022.01.15-14.10.46:929][  0]LogConfig: Setting CVar [[r.SSS.Quality:1]]
[2022.01.15-14.10.46:929][  0]LogConfig: Setting CVar [[r.SSS.HalfRes:0]]
[2022.01.15-14.10.46:929][  0]LogConfig: Setting CVar [[r.SSGI.Quality:3]]
[2022.01.15-14.10.46:929][  0]LogConfig: Setting CVar [[r.EmitterSpawnRateScale:1.0]]
[2022.01.15-14.10.46:929][  0]LogConfig: Setting CVar [[r.ParticleLightQuality:2]]
[2022.01.15-14.10.46:929][  0]LogConfig: Setting CVar [[r.SkyAtmosphere.AerialPerspectiveLUT.FastApplyOnOpaque:1 ; Always have FastSkyLUT 1 in this case to avoid wrong sky]]
[2022.01.15-14.10.46:929][  0]LogConfig: Setting CVar [[r.SkyAtmosphere.AerialPerspectiveLUT.SampleCountMaxPerSlice:4]]
[2022.01.15-14.10.46:929][  0]LogConfig: Setting CVar [[r.SkyAtmosphere.AerialPerspectiveLUT.DepthResolution:16.0]]
[2022.01.15-14.10.46:929][  0]LogConfig: Setting CVar [[r.SkyAtmosphere.FastSkyLUT:1]]
[2022.01.15-14.10.46:929][  0]LogConfig: Setting CVar [[r.SkyAtmosphere.FastSkyLUT.SampleCountMin:4.0]]
[2022.01.15-14.10.46:929][  0]LogConfig: Setting CVar [[r.SkyAtmosphere.FastSkyLUT.SampleCountMax:128.0]]
[2022.01.15-14.10.46:929][  0]LogConfig: Setting CVar [[r.SkyAtmosphere.SampleCountMin:4.0]]
[2022.01.15-14.10.46:929][  0]LogConfig: Setting CVar [[r.SkyAtmosphere.SampleCountMax:128.0]]
[2022.01.15-14.10.46:929][  0]LogConfig: Setting CVar [[r.SkyAtmosphere.TransmittanceLUT.UseSmallFormat:0]]
[2022.01.15-14.10.46:929][  0]LogConfig: Setting CVar [[r.SkyAtmosphere.TransmittanceLUT.SampleCount:10.0]]
[2022.01.15-14.10.46:929][  0]LogConfig: Setting CVar [[r.SkyAtmosphere.MultiScatteringLUT.SampleCount:15.0]]
[2022.01.15-14.10.46:929][  0]LogConfig: Setting CVar [[r.SkyLight.RealTimeReflectionCapture:1]]
[2022.01.15-14.10.46:929][  0]LogConfig: Applying CVar settings from Section [FoliageQuality@3] File [C:/Users/zuly-/OneDrive/Documentos/UnrealEngneCourse/UnrealUltimateGameDevCourse/FirstProject/Saved/Config/Windows/Scalability.ini]
[2022.01.15-14.10.46:929][  0]LogConfig: Setting CVar [[foliage.DensityScale:1.0]]
[2022.01.15-14.10.46:929][  0]LogConfig: Setting CVar [[grass.DensityScale:1.0]]
[2022.01.15-14.10.46:929][  0]LogConfig: Applying CVar settings from Section [ShadingQuality@3] File [C:/Users/zuly-/OneDrive/Documentos/UnrealEngneCourse/UnrealUltimateGameDevCourse/FirstProject/Saved/Config/Windows/Scalability.ini]
[2022.01.15-14.10.46:929][  0]LogConfig: Setting CVar [[r.HairStrands.SkyLighting.IntegrationType:2]]
[2022.01.15-14.10.46:929][  0]LogConfig: Setting CVar [[r.HairStrands.SkyAO.SampleCount:4]]
[2022.01.15-14.10.46:929][  0]LogConfig: Setting CVar [[r.HairStrands.Visibility.MSAA.SamplePerPixel:4]]
[2022.01.15-14.10.46:929][  0]LogInit: Selected Device Profile: [Windows]
[2022.01.15-14.10.46:929][  0]LogInit: Applying CVar settings loaded from the selected device profile: [Windows]
[2022.01.15-14.10.46:930][  0]LogHAL: Display: Platform has ~ 12 GB [12800651264 / 17179869184 / 12], which maps to Larger [LargestMinGB=32, LargerMinGB=12, DefaultMinGB=8, SmallerMinGB=6, SmallestMinGB=0)
[2022.01.15-14.10.46:930][  0]LogInit: Going up to parent DeviceProfile []
[2022.01.15-14.10.46:930][  0]LogConfig: Applying CVar settings from Section [ViewDistanceQuality@3] File [C:/Users/zuly-/OneDrive/Documentos/UnrealEngneCourse/UnrealUltimateGameDevCourse/FirstProject/Saved/Config/Windows/Scalability.ini]
[2022.01.15-14.10.46:930][  0]LogConfig: Setting CVar [[r.SkeletalMeshLODBias:0]]
[2022.01.15-14.10.46:930][  0]LogConfig: Setting CVar [[r.ViewDistanceScale:1.0]]
[2022.01.15-14.10.46:930][  0]LogConfig: Applying CVar settings from Section [AntiAliasingQuality@3] File [C:/Users/zuly-/OneDrive/Documentos/UnrealEngneCourse/UnrealUltimateGameDevCourse/FirstProject/Saved/Config/Windows/Scalability.ini]
[2022.01.15-14.10.46:930][  0]LogConfig: Setting CVar [[r.PostProcessAAQuality:4]]
[2022.01.15-14.10.46:930][  0]LogConfig: Applying CVar settings from Section [ShadowQuality@3] File [C:/Users/zuly-/OneDrive/Documentos/UnrealEngneCourse/UnrealUltimateGameDevCourse/FirstProject/Saved/Config/Windows/Scalability.ini]
[2022.01.15-14.10.46:930][  0]LogConfig: Setting CVar [[r.LightFunctionQuality:1]]
[2022.01.15-14.10.46:930][  0]LogConfig: Setting CVar [[r.ShadowQuality:5]]
[2022.01.15-14.10.46:930][  0]LogConfig: Setting CVar [[r.Shadow.CSM.MaxCascades:10]]
[2022.01.15-14.10.46:930][  0]LogConfig: Setting CVar [[r.Shadow.MaxResolution:2048]]
[2022.01.15-14.10.46:930][  0]LogConfig: Setting CVar [[r.Shadow.MaxCSMResolution:2048]]
[2022.01.15-14.10.46:930][  0]LogConfig: Setting CVar [[r.Shadow.RadiusThreshold:0.01]]
[2022.01.15-14.10.46:930][  0]LogConfig: Setting CVar [[r.Shadow.DistanceScale:1.0]]
[2022.01.15-14.10.46:930][  0]LogConfig: Setting CVar [[r.Shadow.CSM.TransitionScale:1.0]]
[2022.01.15-14.10.46:930][  0]LogConfig: Setting CVar [[r.Shadow.PreShadowResolutionFactor:1.0]]
[2022.01.15-14.10.46:930][  0]LogConfig: Setting CVar [[r.DistanceFieldShadowing:1]]
[2022.01.15-14.10.46:930][  0]LogConfig: Setting CVar [[r.DistanceFieldAO:1]]
[2022.01.15-14.10.46:930][  0]LogConfig: Setting CVar [[r.AOQuality:2]]
[2022.01.15-14.10.46:930][  0]LogConfig: Setting CVar [[r.VolumetricFog:1]]
[2022.01.15-14.10.46:930][  0]LogConfig: Setting CVar [[r.VolumetricFog.GridPixelSize:8]]
[2022.01.15-14.10.46:930][  0]LogConfig: Setting CVar [[r.VolumetricFog.GridSizeZ:128]]
[2022.01.15-14.10.46:930][  0]LogConfig: Setting CVar [[r.VolumetricFog.HistoryMissSupersampleCount:4]]
[2022.01.15-14.10.46:930][  0]LogConfig: Setting CVar [[r.LightMaxDrawDistanceScale:1]]
[2022.01.15-14.10.46:930][  0]LogConfig: Setting CVar [[r.CapsuleShadows:1]]
[2022.01.15-14.10.46:930][  0]LogConfig: Applying CVar settings from Section [PostProcessQuality@3] File [C:/Users/zuly-/OneDrive/Documentos/UnrealEngneCourse/UnrealUltimateGameDevCourse/FirstProject/Saved/Config/Windows/Scalability.ini]
[2022.01.15-14.10.46:930][  0]LogConfig: Setting CVar [[r.MotionBlurQuality:4]]
[2022.01.15-14.10.46:930][  0]LogConfig: Setting CVar [[r.AmbientOcclusionMipLevelFactor:0.4]]
[2022.01.15-14.10.46:930][  0]LogConfig: Setting CVar [[r.AmbientOcclusionMaxQuality:100]]
[2022.01.15-14.10.46:930][  0]LogConfig: Setting CVar [[r.AmbientOcclusionLevels:-1]]
[2022.01.15-14.10.46:930][  0]LogConfig: Setting CVar [[r.AmbientOcclusionRadiusScale:1.0]]
[2022.01.15-14.10.46:930][  0]LogConfig: Setting CVar [[r.DepthOfFieldQuality:2]]
[2022.01.15-14.10.46:930][  0]LogConfig: Setting CVar [[r.RenderTargetPoolMin:400]]
[2022.01.15-14.10.46:930][  0]LogConfig: Setting CVar [[r.LensFlareQuality:2]]
[2022.01.15-14.10.46:930][  0]LogConfig: Setting CVar [[r.SceneColorFringeQuality:1]]
[2022.01.15-14.10.46:930][  0]LogConfig: Setting CVar [[r.EyeAdaptationQuality:2]]
[2022.01.15-14.10.46:930][  0]LogConfig: Setting CVar [[r.BloomQuality:5]]
[2022.01.15-14.10.46:930][  0]LogConfig: Setting CVar [[r.FastBlurThreshold:100]]
[2022.01.15-14.10.46:930][  0]LogConfig: Setting CVar [[r.Upscale.Quality:3]]
[2022.01.15-14.10.46:930][  0]LogConfig: Setting CVar [[r.Tonemapper.GrainQuantization:1]]
[2022.01.15-14.10.46:930][  0]LogConfig: Setting CVar [[r.LightShaftQuality:1]]
[2022.01.15-14.10.46:930][  0]LogConfig: Setting CVar [[r.Filter.SizeScale:1]]
[2022.01.15-14.10.46:930][  0]LogConfig: Setting CVar [[r.Tonemapper.Quality:5]]
[2022.01.15-14.10.46:930][  0]LogConfig: Setting CVar [[r.DOF.Gather.AccumulatorQuality:1        ; higher gathering accumulator quality]]
[2022.01.15-14.10.46:930][  0]LogConfig: Setting CVar [[r.DOF.Gather.PostfilterMethod:1          ; Median3x3 postfilering method]]
[2022.01.15-14.10.46:930][  0]LogConfig: Setting CVar [[r.DOF.Gather.EnableBokehSettings:0       ; no bokeh simulation when gathering]]
[2022.01.15-14.10.46:930][  0]LogConfig: Setting CVar [[r.DOF.Gather.RingCount:4                 ; medium number of samples when gathering]]
[2022.01.15-14.10.46:930][  0]LogConfig: Setting CVar [[r.DOF.Scatter.ForegroundCompositing:1    ; additive foreground scattering]]
[2022.01.15-14.10.46:930][  0]LogConfig: Setting CVar [[r.DOF.Scatter.BackgroundCompositing:2    ; additive background scattering]]
[2022.01.15-14.10.46:930][  0]LogConfig: Setting CVar [[r.DOF.Scatter.EnableBokehSettings:1      ; bokeh simulation when scattering]]
[2022.01.15-14.10.46:930][  0]LogConfig: Setting CVar [[r.DOF.Scatter.MaxSpriteRatio:0.1         ; only a maximum of 10% of scattered bokeh]]
[2022.01.15-14.10.46:930][  0]LogConfig: Setting CVar [[r.DOF.Recombine.Quality:1                ; cheap slight out of focus]]
[2022.01.15-14.10.46:930][  0]LogConfig: Setting CVar [[r.DOF.Recombine.EnableBokehSettings:0    ; no bokeh simulation on slight out of focus]]
[2022.01.15-14.10.46:930][  0]LogConfig: Setting CVar [[r.DOF.TemporalAAQuality:1                ; more stable temporal accumulation]]
[2022.01.15-14.10.46:930][  0]LogConfig: Setting CVar [[r.DOF.Kernel.MaxForegroundRadius:0.025]]
[2022.01.15-14.10.46:930][  0]LogConfig: Setting CVar [[r.DOF.Kernel.MaxBackgroundRadius:0.025]]
[2022.01.15-14.10.46:930][  0]LogConfig: Applying CVar settings from Section [TextureQuality@3] File [C:/Users/zuly-/OneDrive/Documentos/UnrealEngneCourse/UnrealUltimateGameDevCourse/FirstProject/Saved/Config/Windows/Scalability.ini]
[2022.01.15-14.10.46:930][  0]LogConfig: Setting CVar [[r.Streaming.MipBias:0]]
[2022.01.15-14.10.46:931][  0]LogConfig: Setting CVar [[r.Streaming.AmortizeCPUToGPUCopy:0]]
[2022.01.15-14.10.46:931][  0]LogConfig: Setting CVar [[r.Streaming.MaxNumTexturesToStreamPerFrame:0]]
[2022.01.15-14.10.46:931][  0]LogConfig: Setting CVar [[r.Streaming.Boost:1]]
[2022.01.15-14.10.46:931][  0]LogConfig: Setting CVar [[r.MaxAnisotropy:8]]
[2022.01.15-14.10.46:931][  0]LogConfig: Setting CVar [[r.VT.MaxAnisotropy:8]]
[2022.01.15-14.10.46:931][  0]LogConfig: Setting CVar [[r.Streaming.LimitPoolSizeToVRAM:0]]
[2022.01.15-14.10.46:931][  0]LogConfig: Setting CVar [[r.Streaming.PoolSize:1000]]
[2022.01.15-14.10.46:931][  0]LogConfig: Setting CVar [[r.Streaming.MaxEffectiveScreenSize:0]]
[2022.01.15-14.10.46:931][  0]LogConfig: Applying CVar settings from Section [EffectsQuality@3] File [C:/Users/zuly-/OneDrive/Documentos/UnrealEngneCourse/UnrealUltimateGameDevCourse/FirstProject/Saved/Config/Windows/Scalability.ini]
[2022.01.15-14.10.46:931][  0]LogConfig: Setting CVar [[r.TranslucencyLightingVolumeDim:64]]
[2022.01.15-14.10.46:931][  0]LogConfig: Setting CVar [[r.RefractionQuality:2]]
[2022.01.15-14.10.46:931][  0]LogConfig: Setting CVar [[r.SSR.Quality:3]]
[2022.01.15-14.10.46:931][  0]LogConfig: Setting CVar [[r.SSR.HalfResSceneColor:0]]
[2022.01.15-14.10.46:931][  0]LogConfig: Setting CVar [[r.SceneColorFormat:4]]
[2022.01.15-14.10.46:931][  0]LogConfig: Setting CVar [[r.DetailMode:2]]
[2022.01.15-14.10.46:931][  0]LogConfig: Setting CVar [[r.TranslucencyVolumeBlur:1]]
[2022.01.15-14.10.46:931][  0]LogConfig: Setting CVar [[r.MaterialQualityLevel:1 ; High quality]]
[2022.01.15-14.10.46:931][  0]LogConfig: Setting CVar [[r.AnisotropicMaterials:1]]
[2022.01.15-14.10.46:931][  0]LogConfig: Setting CVar [[r.SSS.Scale:1]]
[2022.01.15-14.10.46:931][  0]LogConfig: Setting CVar [[r.SSS.SampleSet:2]]
[2022.01.15-14.10.46:931][  0]LogConfig: Setting CVar [[r.SSS.Quality:1]]
[2022.01.15-14.10.46:931][  0]LogConfig: Setting CVar [[r.SSS.HalfRes:0]]
[2022.01.15-14.10.46:931][  0]LogConfig: Setting CVar [[r.SSGI.Quality:3]]
[2022.01.15-14.10.46:931][  0]LogConfig: Setting CVar [[r.EmitterSpawnRateScale:1.0]]
[2022.01.15-14.10.46:931][  0]LogConfig: Setting CVar [[r.ParticleLightQuality:2]]
[2022.01.15-14.10.46:931][  0]LogConfig: Setting CVar [[r.SkyAtmosphere.AerialPerspectiveLUT.FastApplyOnOpaque:1 ; Always have FastSkyLUT 1 in this case to avoid wrong sky]]
[2022.01.15-14.10.46:931][  0]LogConfig: Setting CVar [[r.SkyAtmosphere.AerialPerspectiveLUT.SampleCountMaxPerSlice:4]]
[2022.01.15-14.10.46:931][  0]LogConfig: Setting CVar [[r.SkyAtmosphere.AerialPerspectiveLUT.DepthResolution:16.0]]
[2022.01.15-14.10.46:931][  0]LogConfig: Setting CVar [[r.SkyAtmosphere.FastSkyLUT:1]]
[2022.01.15-14.10.46:931][  0]LogConfig: Setting CVar [[r.SkyAtmosphere.FastSkyLUT.SampleCountMin:4.0]]
[2022.01.15-14.10.46:931][  0]LogConfig: Setting CVar [[r.SkyAtmosphere.FastSkyLUT.SampleCountMax:128.0]]
[2022.01.15-14.10.46:931][  0]LogConfig: Setting CVar [[r.SkyAtmosphere.SampleCountMin:4.0]]
[2022.01.15-14.10.46:931][  0]LogConfig: Setting CVar [[r.SkyAtmosphere.SampleCountMax:128.0]]
[2022.01.15-14.10.46:931][  0]LogConfig: Setting CVar [[r.SkyAtmosphere.TransmittanceLUT.UseSmallFormat:0]]
[2022.01.15-14.10.46:931][  0]LogConfig: Setting CVar [[r.SkyAtmosphere.TransmittanceLUT.SampleCount:10.0]]
[2022.01.15-14.10.46:931][  0]LogConfig: Setting CVar [[r.SkyAtmosphere.MultiScatteringLUT.SampleCount:15.0]]
[2022.01.15-14.10.46:931][  0]LogConfig: Setting CVar [[r.SkyLight.RealTimeReflectionCapture:1]]
[2022.01.15-14.10.46:931][  0]LogConfig: Applying CVar settings from Section [FoliageQuality@3] File [C:/Users/zuly-/OneDrive/Documentos/UnrealEngneCourse/UnrealUltimateGameDevCourse/FirstProject/Saved/Config/Windows/Scalability.ini]
[2022.01.15-14.10.46:931][  0]LogConfig: Setting CVar [[foliage.DensityScale:1.0]]
[2022.01.15-14.10.46:931][  0]LogConfig: Setting CVar [[grass.DensityScale:1.0]]
[2022.01.15-14.10.46:931][  0]LogConfig: Applying CVar settings from Section [ShadingQuality@3] File [C:/Users/zuly-/OneDrive/Documentos/UnrealEngneCourse/UnrealUltimateGameDevCourse/FirstProject/Saved/Config/Windows/Scalability.ini]
[2022.01.15-14.10.46:931][  0]LogConfig: Setting CVar [[r.HairStrands.SkyLighting.IntegrationType:2]]
[2022.01.15-14.10.46:931][  0]LogConfig: Setting CVar [[r.HairStrands.SkyAO.SampleCount:4]]
[2022.01.15-14.10.46:931][  0]LogConfig: Setting CVar [[r.HairStrands.Visibility.MSAA.SamplePerPixel:4]]
[2022.01.15-14.10.46:931][  0]LogConfig: Applying CVar settings from Section [Startup] File [../../../Engine/Config/ConsoleVariables.ini]
[2022.01.15-14.10.46:931][  0]LogConfig: Setting CVar [[net.UseAdaptiveNetUpdateFrequency:0]]
[2022.01.15-14.10.46:931][  0]LogConfig: Setting CVar [[p.chaos.AllowCreatePhysxBodies:1]]
[2022.01.15-14.10.46:932][  0]LogConfig: Setting CVar [[fx.SkipVectorVMBackendOptimizations:1]]
[2022.01.15-14.10.46:932][  0]LogConfig: Applying CVar settings from Section [ConsoleVariables] File [C:/Users/zuly-/OneDrive/Documentos/UnrealEngneCourse/UnrealUltimateGameDevCourse/FirstProject/Saved/Config/Windows/Engine.ini]
[2022.01.15-14.10.46:932][  0]LogConfig: Applying CVar settings from Section [ConsoleVariables] File [C:/Users/zuly-/OneDrive/Documentos/UnrealEngneCourse/UnrealUltimateGameDevCourse/FirstProject/Saved/Config/Windows/Editor.ini]
[2022.01.15-14.10.46:932][  0]LogInit: Computer: DESKTOP-9VCLT5R
[2022.01.15-14.10.46:932][  0]LogInit: User: zuly
[2022.01.15-14.10.46:932][  0]LogInit: CPU Page size=4096, Cores=2
[2022.01.15-14.10.46:932][  0]LogInit: High frequency timer resolution =10.000000 MHz
[2022.01.15-14.10.46:932][  0]LogMemory: Memory total: Physical=11.9GB (12GB approx)
[2022.01.15-14.10.46:932][  0]LogMemory: Platform Memory Stats for Windows
[2022.01.15-14.10.46:932][  0]LogMemory: Process Physical Memory: 139.35 MB used, 139.36 MB peak
[2022.01.15-14.10.46:932][  0]LogMemory: Process Virtual Memory: 116.91 MB used, 116.91 MB peak
[2022.01.15-14.10.46:932][  0]LogMemory: Physical Memory: 10175.38 MB used,  2032.28 MB free, 12207.65 MB total
[2022.01.15-14.10.46:932][  0]LogMemory: Virtual Memory: 134212264.00 MB used,  5463.49 MB free, 134217728.00 MB total
[2022.01.15-14.10.46:938][  0]LogWindows: WindowsPlatformFeatures enabled
[2022.01.15-14.10.46:963][  0]LogInit: Physics initialised using underlying interface: PhysX
[2022.01.15-14.10.46:964][  0]LogInit: Using OS detected language (en-US).
[2022.01.15-14.10.46:964][  0]LogInit: Using OS detected locale (en-US).
[2022.01.15-14.10.46:968][  0]LogTextLocalizationManager: No specific localization for 'en-US' exists, so the 'en' localization will be used.
[2022.01.15-14.10.47:228][  0]LogInit: Setting process to per monitor DPI aware
[2022.01.15-14.10.47:245][  0]LogWindowsTextInputMethodSystem: Display: IME system deactivated.
[2022.01.15-14.10.47:265][  0]LogSlate: New Slate User Created.  User Index 0, Is Virtual User: 0
[2022.01.15-14.10.47:265][  0]LogSlate: Slate User Registered.  User Index 0, Is Virtual User: 0
[2022.01.15-14.10.47:485][  0]LogD3D11RHI: Loaded GFSDK_Aftermath_Lib.x64.dll
[2022.01.15-14.10.47:544][  0]LogHMD: Failed to initialize OpenVR with code 110
[2022.01.15-14.10.47:545][  0]LogD3D11RHI: D3D11 min allowed feature level: 11_0
[2022.01.15-14.10.47:545][  0]LogD3D11RHI: D3D11 max allowed feature level: 11_0
[2022.01.15-14.10.47:545][  0]LogD3D11RHI: D3D11 adapters:
[2022.01.15-14.10.47:605][  0]LogD3D11RHI:    0. 'NVIDIA GeForce 940MX' (Feature Level 11_0)
[2022.01.15-14.10.47:605][  0]LogD3D11RHI:       2020/0/6103 MB DedicatedVideo/DedicatedSystem/SharedSystem, Outputs:2, VendorId:0x10de
[2022.01.15-14.10.47:617][  0]LogD3D11RHI:    1. 'Intel(R) HD Graphics 620' (Feature Level 11_0)
[2022.01.15-14.10.47:617][  0]LogD3D11RHI:       128/0/6103 MB DedicatedVideo/DedicatedSystem/SharedSystem, Outputs:0, VendorId:0x8086
[2022.01.15-14.10.47:619][  0]LogD3D11RHI:    2. 'Microsoft Basic Render Driver' (Feature Level 11_0)
[2022.01.15-14.10.47:620][  0]LogD3D11RHI:       0/0/6103 MB DedicatedVideo/DedicatedSystem/SharedSystem, Outputs:0, VendorId:0x1414
[2022.01.15-14.10.47:620][  0]LogD3D11RHI: Chosen D3D11 Adapter:
[2022.01.15-14.10.47:620][  0]LogD3D11RHI:     Description : NVIDIA GeForce 940MX
[2022.01.15-14.10.47:620][  0]LogD3D11RHI:     VendorId    : 10de
[2022.01.15-14.10.47:620][  0]LogD3D11RHI:     DeviceId    : 134d
[2022.01.15-14.10.47:620][  0]LogD3D11RHI:     SubSysId    : 11a41462
[2022.01.15-14.10.47:620][  0]LogD3D11RHI:     Revision    : 00a2
[2022.01.15-14.10.47:620][  0]LogD3D11RHI:     DedicatedVideoMemory : 2119041024 bytes
[2022.01.15-14.10.47:620][  0]LogD3D11RHI:     DedicatedSystemMemory : 0 bytes
[2022.01.15-14.10.47:620][  0]LogD3D11RHI:     SharedSystemMemory : 6400325632 bytes
[2022.01.15-14.10.47:620][  0]LogD3D11RHI:     AdapterLuid : 0 68702
[2022.01.15-14.10.47:626][  0]LogD3D11RHI: Creating new Direct3DDevice
[2022.01.15-14.10.47:626][  0]LogD3D11RHI:     GPU DeviceId: 0x134d (for the marketing name, search the web for "GPU Device Id")
[2022.01.15-14.10.47:626][  0]LogWindows: EnumDisplayDevices:
[2022.01.15-14.10.47:626][  0]LogWindows:    0. 'Intel(R) HD Graphics 620' (P:1 D:1)
[2022.01.15-14.10.47:627][  0]LogWindows:    1. 'Intel(R) HD Graphics 620' (P:0 D:1)
[2022.01.15-14.10.47:627][  0]LogWindows:    2. 'Intel(R) HD Graphics 620' (P:0 D:0)
[2022.01.15-14.10.47:627][  0]LogWindows: DebugString: PrimaryIsNotTheChoosenAdapter PrimaryIsNotTheChoosenAdapter PrimaryIsNotTheChoosenAdapter FoundDriverCount:0 
[2022.01.15-14.10.47:627][  0]LogD3D11RHI:     Adapter Name: NVIDIA GeForce 940MX
[2022.01.15-14.10.47:628][  0]LogD3D11RHI:   Driver Version: Unknown (internal:Unknown, unified:Unknown)
[2022.01.15-14.10.47:628][  0]LogD3D11RHI:      Driver Date: Unknown
[2022.01.15-14.10.47:628][  0]LogRHI: Texture pool is 1414 MB (70% of 2020 MB)
[2022.01.15-14.10.47:628][  0]LogD3D11RHI: Creating D3DDevice using adapter:
[2022.01.15-14.10.47:628][  0]LogD3D11RHI:     Description : NVIDIA GeForce 940MX
[2022.01.15-14.10.47:628][  0]LogD3D11RHI:     VendorId    : 10de
[2022.01.15-14.10.47:628][  0]LogD3D11RHI:     DeviceId    : 134d
[2022.01.15-14.10.47:628][  0]LogD3D11RHI:     SubSysId    : 11a41462
[2022.01.15-14.10.47:628][  0]LogD3D11RHI:     Revision    : 00a2
[2022.01.15-14.10.47:628][  0]LogD3D11RHI:     DedicatedVideoMemory : 2119041024 bytes
[2022.01.15-14.10.47:628][  0]LogD3D11RHI:     DedicatedSystemMemory : 0 bytes
[2022.01.15-14.10.47:628][  0]LogD3D11RHI:     SharedSystemMemory : 6400325632 bytes
[2022.01.15-14.10.47:628][  0]LogD3D11RHI:     AdapterLuid : 0 68702
[2022.01.15-14.10.47:674][  0]LogD3D11RHI: RHI does not have support for 64 bit atomics
[2022.01.15-14.10.47:674][  0]LogD3D11RHI: Async texture creation enabled
[2022.01.15-14.10.47:691][  0]LogD3D11RHI: GPU Timing Frequency: 1000.000000 (Debug: 2 1)
[2022.01.15-14.10.47:749][  0]LogRHI: GeForceNow SDK initialized: 1
[2022.01.15-14.10.48:181][  0]LogTargetPlatformManager: Display: Loaded TargetPlatform 'AllDesktop'
[2022.01.15-14.10.48:210][  0]LogTargetPlatformManager: Display: Loaded TargetPlatform 'Android'
[2022.01.15-14.10.48:210][  0]LogTargetPlatformManager: Display: Loaded TargetPlatform 'Android_ASTC'
[2022.01.15-14.10.48:210][  0]LogTargetPlatformManager: Display: Loaded TargetPlatform 'Android_DXT'
[2022.01.15-14.10.48:210][  0]LogTargetPlatformManager: Display: Loaded TargetPlatform 'Android_ETC2'
[2022.01.15-14.10.48:210][  0]LogTargetPlatformManager: Display: Loaded TargetPlatform 'AndroidClient'
[2022.01.15-14.10.48:210][  0]LogTargetPlatformManager: Display: Loaded TargetPlatform 'Android_ASTCClient'
[2022.01.15-14.10.48:210][  0]LogTargetPlatformManager: Display: Loaded TargetPlatform 'Android_DXTClient'
[2022.01.15-14.10.48:211][  0]LogTargetPlatformManager: Display: Loaded TargetPlatform 'Android_ETC2Client'
[2022.01.15-14.10.48:211][  0]LogTargetPlatformManager: Display: Loaded TargetPlatform 'Android_Multi'
[2022.01.15-14.10.48:211][  0]LogTargetPlatformManager: Display: Loaded TargetPlatform 'Android_MultiClient'
[2022.01.15-14.10.48:233][  0]LogTargetPlatformManager: Display: Loaded TargetPlatform 'IOSClient'
[2022.01.15-14.10.48:233][  0]LogTargetPlatformManager: Display: Loaded TargetPlatform 'IOS'
[2022.01.15-14.10.48:244][  0]LogTargetPlatformManager: Display: Loaded TargetPlatform 'Linux'
[2022.01.15-14.10.48:250][  0]LogTargetPlatformManager: Display: Loaded TargetPlatform 'LinuxNoEditor'
[2022.01.15-14.10.48:255][  0]LogTargetPlatformManager: Display: Loaded TargetPlatform 'LinuxClient'
[2022.01.15-14.10.48:260][  0]LogTargetPlatformManager: Display: Loaded TargetPlatform 'LinuxServer'
[2022.01.15-14.10.48:273][  0]LogTargetPlatformManager: Display: Loaded TargetPlatform 'LinuxAArch64NoEditor'
[2022.01.15-14.10.48:277][  0]LogTargetPlatformManager: Display: Loaded TargetPlatform 'LinuxAArch64Client'
[2022.01.15-14.10.48:284][  0]LogTargetPlatformManager: Display: Loaded TargetPlatform 'LinuxAArch64Server'
[2022.01.15-14.10.48:315][  0]LogTargetPlatformManager: Display: Loaded TargetPlatform 'Lumin'
[2022.01.15-14.10.48:315][  0]LogTargetPlatformManager: Display: Loaded TargetPlatform 'LuminClient'
[2022.01.15-14.10.48:325][  0]LogTargetPlatformManager: Display: Loaded TargetPlatform 'MacNoEditor'
[2022.01.15-14.10.48:330][  0]LogTargetPlatformManager: Display: Loaded TargetPlatform 'Mac'
[2022.01.15-14.10.48:335][  0]LogTargetPlatformManager: Display: Loaded TargetPlatform 'MacClient'
[2022.01.15-14.10.48:340][  0]LogTargetPlatformManager: Display: Loaded TargetPlatform 'MacServer'
[2022.01.15-14.10.48:352][  0]LogTargetPlatformManager: Display: Loaded TargetPlatform 'TVOSClient'
[2022.01.15-14.10.48:352][  0]LogTargetPlatformManager: Display: Loaded TargetPlatform 'TVOS'
[2022.01.15-14.10.48:363][  0]LogTargetPlatformManager: Display: Loaded TargetPlatform 'WindowsNoEditor'
[2022.01.15-14.10.48:368][  0]LogTargetPlatformManager: Display: Loaded TargetPlatform 'Windows'
[2022.01.15-14.10.48:373][  0]LogTargetPlatformManager: Display: Loaded TargetPlatform 'WindowsClient'
[2022.01.15-14.10.48:379][  0]LogTargetPlatformManager: Display: Loaded TargetPlatform 'WindowsServer'
[2022.01.15-14.10.48:379][  0]LogTargetPlatformManager: Display: Building Assets For Windows
[2022.01.15-14.10.48:387][  0]LogAudioDebug: Display: Lib vorbis DLL was dynamically loaded.
[2022.01.15-14.10.48:422][  0]LogTextureFormatOodle: Display: Oodle Texture 2.9.0 init RDO Off
[2022.01.15-14.10.48:457][  0]LogRendererCore: Ray tracing is disabled. Reason: r.RayTracing=0.
[2022.01.15-14.10.48:458][  0]LogShaderCompilers: Guid format shader working directory is -63 characters bigger than the processId version (../../../../../../Users/zuly-/OneDrive/Documentos/UnrealEngneCourse/UnrealUltimateGameDevCourse/FirstProject/Intermediate/Shaders/WorkingDirectory/11204/).
[2022.01.15-14.10.48:458][  0]LogShaderCompilers: Cleaned the shader compiler working directory 'C:/Users/zuly-/AppData/Local/Temp/UnrealShaderWorkingDir/8F9FDF8E4C04DA29BAB9A1A1A8B253D1/'.
[2022.01.15-14.10.48:458][  0]LogXGEController: Cannot use XGE Controller as Incredibuild is not installed on this machine.
[2022.01.15-14.10.48:458][  0]LogShaderCompilers: Cannot use XGE Shader Compiler as Incredibuild is not installed on this machine.
[2022.01.15-14.10.48:458][  0]LogShaderCompilers: Display: Using Local Shader Compiler.
[2022.01.15-14.10.49:549][  0]LogDerivedDataCache: Display: Max Cache Size: 512 MB
[2022.01.15-14.10.49:646][  0]LogDerivedDataCache: Loaded boot cache 0.10s 94MB C:/Users/zuly-/AppData/Local/UnrealEngine/4.27/DerivedDataCache/Boot.ddc.
[2022.01.15-14.10.49:647][  0]LogDerivedDataCache: Display: Loaded Boot cache: C:/Users/zuly-/AppData/Local/UnrealEngine/4.27/DerivedDataCache/Boot.ddc
[2022.01.15-14.10.49:647][  0]LogDerivedDataCache: FDerivedDataBackendGraph:  Pak pak cache file ../../../../../../Users/zuly-/OneDrive/Documentos/UnrealEngneCourse/UnrealUltimateGameDevCourse/FirstProject/DerivedDataCache/DDC.ddp not found, will not use a pak cache.
[2022.01.15-14.10.49:647][  0]LogDerivedDataCache: Unable to find inner node Pak for hierarchical cache Hierarchy.
[2022.01.15-14.10.49:647][  0]LogDerivedDataCache: FDerivedDataBackendGraph:  CompressedPak pak cache file ../../../../../../Users/zuly-/OneDrive/Documentos/UnrealEngneCourse/UnrealUltimateGameDevCourse/FirstProject/DerivedDataCache/Compressed.ddp not found, will not use a pak cache.
[2022.01.15-14.10.49:647][  0]LogDerivedDataCache: Unable to find inner node CompressedPak for hierarchical cache Hierarchy.
[2022.01.15-14.10.49:670][  0]LogDerivedDataCache: Display: Pak cache opened for reading ../../../Engine/DerivedDataCache/Compressed.ddp.
[2022.01.15-14.10.49:671][  0]LogDerivedDataCache: FDerivedDataBackendGraph:  EnterprisePak pak cache file ../../../Enterprise/DerivedDataCache/Compressed.ddp not found, will not use a pak cache.
[2022.01.15-14.10.49:671][  0]LogDerivedDataCache: Unable to find inner node EnterprisePak for hierarchical cache Hierarchy.
[2022.01.15-14.10.49:682][  0]LogDerivedDataCache: Speed tests for C:/Users/zuly-/AppData/Local/UnrealEngine/Common/DerivedDataCache took 0.01 seconds
[2022.01.15-14.10.49:682][  0]LogDerivedDataCache: Display: Performance to C:/Users/zuly-/AppData/Local/UnrealEngine/Common/DerivedDataCache: Latency=0.03ms. RandomReadSpeed=972.99MBs, RandomWriteSpeed=98.92MBs. Assigned SpeedClass 'Local'
[2022.01.15-14.10.49:682][  0]LogDerivedDataCache: Using Local data cache path C:/Users/zuly-/AppData/Local/UnrealEngine/Common/DerivedDataCache: Writable
[2022.01.15-14.10.49:683][  0]LogDerivedDataCache: Shared data cache path not found in *engine.ini, will not use an Shared cache.
[2022.01.15-14.10.49:683][  0]LogDerivedDataCache: Unable to find inner node Shared for hierarchical cache Hierarchy.
[2022.01.15-14.10.49:780][  0]LogSlate: Using FreeType 2.10.0
[2022.01.15-14.10.49:780][  0]LogSlate: SlateFontServices - WITH_FREETYPE: 1, WITH_HARFBUZZ: 1
[2022.01.15-14.10.49:823][  0]LogAssetRegistry: FAssetRegistry took 0.0043 seconds to start up
[2022.01.15-14.10.50:254][  0]LogInit: Selected Device Profile: [Windows]
[2022.01.15-14.10.50:254][  0]LogInit: Active device profile: [0000016FA7ADAB00][0000016F9DF53680 49] Windows
[2022.01.15-14.10.50:255][  0]LogInit: Profiles: [0000016FA7ADAB00][0000016F9DF53680 49] Windows, [0000016FA7A79900][0000016F9DF57940 49] WindowsNoEditor, [0000016FA7ADA000][0000016F9DF5BC00 49] WindowsServer, [0000016FA7A7A300][0000016F9DF5E340 49] WindowsClient, [0000016FA7AD9900][0000016FA4546600 49] IOS, [0000016FA7A7A700][0000016FA454A8C0 49] iPadAir, [0000016FA7AD9400][0000016FA454EB80 49] iPadAir2, [0000016FA7A31400][0000016FA45630C0 49] IPadPro, [0000016FA7A31500][0000016FA4553100 49] iPadAir3, [0000016FA7A7A100][0000016F9DF4F380 49] iPadAir4, [0000016FA7A32400][0000016FA455B600 49] iPadMini2, [0000016FA7A79400][0000016FA455F8C0 49] iPadMini3, [0000016FA7A32F00][0000016FA4567B80 49] iPadMini4, [0000016FA7A79700][0000016FA456A2C0 49] iPadMini5, [0000016FA7A51000][0000016FA457E800 49] iPhone6, [0000016FA7A51100][0000016FA456E840 49] iPodTouch6, [0000016FA7ADAA00][0000016FA4586D80 49] iPhone7, [0000016FA7ADA600][0000016FA4576DC0 49] iPodTouch7, [0000016FA7A32900][0000016FA457B080 49] iPhone5S, [0000016FA7A32200][0000016FA4573340 49] iPhone6Plus, [0000016FA7A50F00][0000016FA45575C0 49] iPhone6S, [0000016FA7A30500][0000016FA4583840 49] iPhone6SPlus, [0000016FA7A50300][0000016FA458FB00 49] iPhone7Plus, [0000016FA7A31200][0000016FA4592240 49] iPhoneSE, [0000016FA7A52C00][0000016FA45C2500 49] iPhone8, [0000016FA7A33D00][0000016FA69C07C0 49] iPhone8Plus, [0000016FA7A52800][0000016FA69C4A80 49] iPhoneX, [0000016FA7A30C00][0000016FA69C8D40 49] iPhoneXS, [0000016FA7A52300][0000016FA69CD000 49] iPhoneXSMax, [0000016FA7A32600][0000016F8971B2C0 49] iPhoneXR, [0000016FA7A52200][0000016F89723580 49] iPhone11, [0000016FA7A33400][0000016FA458B800 49] iPhone11Pro, [0000016FA7A53D00][0000016F89733A80 49] iPhone11ProMax, [0000016FA7AD8B00][0000016F8973E1C0 49] iPhoneSE2, [0000016FA7A51500][0000016F89742480 49] iPhone12Mini, [0000016FA7ADB500][0000016FA6758740 49] iPhone12, [0000016FA7A53700][0000016FA6764A00 49] iPhone12Pro, [0000016FA7ADB100][0000016FA6768CC0 49] iPhone12ProMax, [0000016FA7A52500][0000016FA8DDAF80 49] iPadPro105, [0000016FA7ADB700][0000016F95B89240 49] iPadPro129, [0000016FA7A53000][0000016F95B8D500 49] iPadPro97, [0000016FA7ADAF00][0000016F95B917C0 49] iPadPro2_129, [0000016FA7A50700][0000016F8973BA40 49] iPad5, [0000016FA7AD9C00][0000016F95B94140 49] iPad6, [0000016FA7A53F00][0000016FA697C400 49] iPad7, [0000016FA7AD8400][0000016F9E36C6C0 49] iPad8, [0000016FA7A50600][0000016FA6980980 49] iPadPro11, [0000016FA7ADA800][0000016FA6984C40 49] iPadPro2_11, [0000016FA7A52700][0000016FA698CF00 49] iPadPro3_129, [0000016FA7AD8200][0000016FA69951C0 49] iPadPro4_129, [0000016FA7A51400][0000016FA4635480 49] AppleTV, [0000016FA7AD8D00][0000016FA4639740 49] AppleTV4K, [0000016FA7A53600][0000016FA4641A00 49] TVOS, [0000016FA7AD8A00][0000016FA6978100 49] Mac, [0000016FA7A53A00][0000016FA4644380 49] MacClient, [0000016FA7AD9600][0000016FA464C640 49] MacNoEditor, [0000016FA7A53500][0000016FA4650900 49] MacServer, [0000016FA7ADAE00][0000016FA8BBCBC0 49] Linux, [0000016FA7A52E00][0000016FA8BC0E80 49] LinuxAArch64, [0000016FA7AD9E00][0000016FA8BC5140 49] LinuxNoEditor, [0000016FA7A53C00][0000016FA8BC9400 49] LinuxAArch64NoEditor, [0000016FA7AD9800][0000016FA8BCD6C0 49] LinuxClient, [0000016FA7A50100][0000016F9E2C1980 49] LinuxAArch64Client, [0000016FA7ADA400][0000016F9E2C40C0 49] LinuxServer, [0000016FA7A50800][0000016FA4648340 49] LinuxAArch64Server, [0000016FA7ADA700][0000016FA8C545C0 49] Android, [0000016FA7A52100][0000016FA8C98880 49] Android_Low, [0000016FA7ADA900][0000016FA8C9CB40 49] Android_Mid, [0000016FA7A52400][0000016FA8CA4E00 49] Android_High, [0000016FA7AD9700][0000016FA8CAD0C0 49] Android_Default, [0000016FA7A53300][0000016FA8CB1380 49] Android_Adreno4xx, [0000016FA7AD9200][0000016FA8CB5640 49] Android_Adreno5xx_Low, [0000016FA7A52600][0000016FA4615900 49] Android_Adreno5xx, [0000016FA7AD9500][0000016FA8CA9BC0 49] Android_Adreno6xx, [0000016FA7A51D00][0000016FA8CA0300 49] Android_Adreno6xx_Vulkan, [0000016FA7AD8C00][0000016FA8C94580 49] Android_Mali_T6xx, [0000016FA7A50900][0000016FA8B76800 49] Android_Mali_T7xx, [0000016FA7AD9B00][0000016FA4624AC0 49] Android_Mali_T8xx, [0000016FA7A32C00][0000016FA6990D80 49] Android_Mali_G71, [0000016FA7A7B600][0000016FA6989040 49] Android_Mali_G72, [0000016FA7A33900][0000016FA675D300 49] Android_Mali_G72_Vulkan, [0000016FA7A78800][0000016FA67615C0 49] Android_Mali_G76, [0000016FA7A31000][0000016FA4629880 49] Android_Mali_G76_Vulkan, [0000016FA7A79300][0000016FA462DB40 49] Android_Mali_G77, [0000016FA7A32100][0000016FA4630280 49] Android_Mali_G77_Vulkan, [0000016FA7A78300][0000016F95B5E540 49] Android_Mali_G78, [0000016FA7A32000][0000016FA8B7A7C0 49] Android_Mali_G78_Vulkan, [0000016FA7A79C00][0000016F95B62A40 49] Android_Mali_G710, [0000016FA7A33600][0000016F95B6AD00 49] Android_Mali_G710_Vulkan, [0000016FA7A7BE00][0000016F95B6EFC0 49] Android_Vulkan_SM5, [0000016FA7A33F00][0000016F95B73280 49] Android_PowerVR_G6xxx, [0000016FA7A7BD00][0000016F95B77540 49] Android_PowerVR_GT7xxx, [0000016FA7A30700][0000016F95B7B800 49] Android_PowerVR_GE8xxx, [0000016FA7A7B300][0000016FA694DAC0 49] Android_PowerVR_GM9xxx, [0000016FA7A32300][0000016FA6950200 49] Android_PowerVR_GM9xxx_Vulkan, [0000016FA7A7AA00][0000016FA69544C0 49] Android_TegraK1, [0000016FA7A30200][0000016FA6958780 49] Android_Unknown_Vulkan, [0000016FA7A7B800][0000016F95B66A00 49] Lumin, [0000016FA7A32E00][0000016FA6960CC0 49] Lumin_Desktop, [0000016FA7A79800][0000016FA6964F80 49] HoloLens, 
[2022.01.15-14.10.50:439][  0]LogMeshReduction: Using QuadricMeshReduction for automatic static mesh reduction
[2022.01.15-14.10.50:439][  0]LogMeshReduction: Using SimplygonMeshReduction for automatic skeletal mesh reduction
[2022.01.15-14.10.50:439][  0]LogMeshReduction: Using ProxyLODMeshReduction for automatic mesh merging
[2022.01.15-14.10.50:439][  0]LogMeshReduction: No distributed automatic mesh merging module available
[2022.01.15-14.10.50:439][  0]LogMeshMerging: No distributed automatic mesh merging module available
[2022.01.15-14.10.50:461][  0]LogNetVersion: FirstProject 1.0.0, NetCL: 17155196, EngineNetVer: 17, GameNetVer: 0 (Checksum: 1409045027)
[2022.01.15-14.10.51:068][  0]LogTexture: Default maximum texture size for cubemaps generated from long-lat sources has been changed from 512 to unlimited. In order to preserve old behaiour for '/Engine/MapTemplates/Sky/DaylightAmbientCubemap.DaylightAmbientCubemap', its maximum texture size has been explicitly set to 512.
[2022.01.15-14.10.51:145][  0]LogHMD: PokeAHoleMaterial loaded successfully
[2022.01.15-14.10.51:154][  0]LogUObjectArray: 17178 objects as part of root set at end of initial load.
[2022.01.15-14.10.51:154][  0]LogUObjectAllocator: 4302048 out of 0 bytes used by permanent object pool.
[2022.01.15-14.10.51:154][  0]LogUObjectArray: CloseDisregardForGC: 0/0 objects in disregard for GC pool
[2022.01.15-14.10.51:483][  0]LogNiagaraDebuggerClient: Niagara Debugger Client Initialized | Session: 4B6B83E54BEFBA5DA4C624AB1A487F80 | Instance: 2AF752264494ABDA9031B2BB2BBE32B7 (DESKTOP-9VCLT5R-11204).
[2022.01.15-14.10.51:522][  0]LogPython: Using Python 3.7.7
[2022.01.15-14.10.52:314][  0]LogTcpMessaging: Initializing TcpMessaging bridge
[2022.01.15-14.10.52:319][  0]LogUdpMessaging: Initializing bridge on interface 0.0.0.0:0 to multicast group 230.0.0.1:6666.
[2022.01.15-14.10.52:508][  0]SourceControl: Source control is disabled
[2022.01.15-14.10.52:508][  0]SourceControl: Source control is disabled
[2022.01.15-14.10.52:512][  0]SourceControl: Source control is disabled
[2022.01.15-14.10.52:516][  0]SourceControl: Source control is disabled
[2022.01.15-14.10.52:527][  0]SourceControl: Source control is disabled
[2022.01.15-14.10.52:534][  0]LogUProjectInfo: Found projects:
[2022.01.15-14.10.52:807][  0]LogOpenImageDenoise: OIDN starting up
[2022.01.15-14.10.52:860][  0]LogAndroidPermission: UAndroidPermissionCallbackProxy::GetInstance
[2022.01.15-14.10.52:889][  0]LogAudioCaptureCore: Display: No Audio Capture implementations found. Audio input will be silent.
[2022.01.15-14.10.52:889][  0]LogAudioCaptureCore: Display: No Audio Capture implementations found. Audio input will be silent.
[2022.01.15-14.10.53:069][  0]LogCollectionManager: Loaded 0 collections in 0.002332 seconds
[2022.01.15-14.10.53:105][  0]LogFileCache: Scanning file cache for directory 'C:/Users/zuly-/OneDrive/Documentos/UnrealEngneCourse/UnrealUltimateGameDevCourse/FirstProject/Saved/Collections/' took 0.00s
[2022.01.15-14.10.53:105][  0]LogFileCache: Scanning file cache for directory 'C:/Users/zuly-/OneDrive/Documentos/UnrealEngneCourse/UnrealUltimateGameDevCourse/FirstProject/Content/Developers/zuly/Collections/' took 0.00s
[2022.01.15-14.10.53:105][  0]LogFileCache: Scanning file cache for directory 'C:/Users/zuly-/OneDrive/Documentos/UnrealEngneCourse/UnrealUltimateGameDevCourse/FirstProject/Content/Collections/' took 0.00s
[2022.01.15-14.10.53:105][  0]LogOcInput: OculusInput pre-init called
[2022.01.15-14.10.53:545][  0]LogEngine: Initializing Engine...
[2022.01.15-14.10.53:553][  0]LogHMD: Failed to enumerate extensions. Please check that you have a valid OpenXR runtime installed.
[2022.01.15-14.10.53:554][  0]LogHMD: Failed to initialize OpenVR with code 110
[2022.01.15-14.10.53:554][  0]LogMagicLeap: Warning: VR disabled because ZI is not enabled.  To enable, in the editor, Edit -> Project Settings -> Plugins -> Magic Leap Plugin -> Enable Zero Iteration
[2022.01.15-14.10.53:555][  0]LogStats: UGameplayTagsManager::InitializeManager -  0.000 s
[2022.01.15-14.10.53:724][  0]LogInit: Initializing FReadOnlyCVARCache
[2022.01.15-14.10.53:737][  0]LogAIModule: Creating AISystem for world Untitled
[2022.01.15-14.10.53:756][  0]LogAudio: Display: Initializing Audio Device Manager...
[2022.01.15-14.10.53:761][  0]LogAudio: Display: Loading Default Audio Settings Objects...
[2022.01.15-14.10.53:761][  0]LogAudio: Display: No default SoundConcurrencyObject specified (or failed to load).
[2022.01.15-14.10.53:762][  0]LogAudio: Display: Audio Device Manager Initialized
[2022.01.15-14.10.53:762][  0]LogAudio: Display: Creating Audio Device:                 Id: 1, Scope: Shared, Realtime: True
[2022.01.15-14.10.53:762][  0]LogAudioMixer: Display: Audio Mixer Platform Settings:
[2022.01.15-14.10.53:762][  0]LogAudioMixer: Display: 	Sample Rate:						  48000
[2022.01.15-14.10.53:762][  0]LogAudioMixer: Display: 	Callback Buffer Frame Size Requested: 1024
[2022.01.15-14.10.53:762][  0]LogAudioMixer: Display: 	Callback Buffer Frame Size To Use:	  1024
[2022.01.15-14.10.53:762][  0]LogAudioMixer: Display: 	Number of buffers to queue:			  2
[2022.01.15-14.10.53:762][  0]LogAudioMixer: Display: 	Max Channels (voices):				  32
[2022.01.15-14.10.53:762][  0]LogAudioMixer: Display: 	Number of Async Source Workers:		  0
[2022.01.15-14.10.53:762][  0]LogAudio: Display: AudioDevice MaxSources: 32
[2022.01.15-14.10.53:762][  0]LogAudio: Display: Audio Spatialization Plugin: None (built-in).
[2022.01.15-14.10.53:762][  0]LogAudio: Display: Audio Reverb Plugin: None (built-in).
[2022.01.15-14.10.53:763][  0]LogAudio: Display: Audio Occlusion Plugin: None (built-in).
[2022.01.15-14.10.53:763][  0]LogAudioMixer: Display: Initializing audio mixer.
[2022.01.15-14.10.53:789][  0]LogAudioMixer: Display: 0: FrontLeft
[2022.01.15-14.10.53:789][  0]LogAudioMixer: Display: 1: FrontRight
[2022.01.15-14.10.53:815][  0]LogAudioMixer: Display: Using Audio Device Speakers (HyperX Cloud Flight Wireless)
[2022.01.15-14.10.53:819][  0]LogAudioMixer: Display: Initializing Sound Submixes...
[2022.01.15-14.10.53:822][  0]LogAudioMixer: Display: Creating Master Submix 'MasterSubmixDefault'
[2022.01.15-14.10.53:822][  0]LogAudioMixer: Display: Creating Master Submix 'MasterReverbSubmixDefault'
[2022.01.15-14.10.53:823][  0]LogAudioMixer: Display: Creating Master Submix 'MasterEQSubmixDefault'
[2022.01.15-14.10.53:823][  0]LogAudioMixer: FMixerPlatformXAudio2::StartAudioStream() called
[2022.01.15-14.10.53:823][  0]LogAudioMixer: Display: Output buffers initialized: Frames=1024, Channels=2, Samples=2048
[2022.01.15-14.10.53:825][  0]LogAudioMixer: Display: Starting AudioMixerPlatformInterface::RunInternal()
[2022.01.15-14.10.53:825][  0]LogAudioMixer: Display: FMixerPlatformXAudio2::SubmitBuffer() called for the first time
[2022.01.15-14.10.53:825][  0]LogInit: FAudioDevice initialized.
[2022.01.15-14.10.53:825][  0]LogAudio: Display: Audio Device (ID: 1) registered with world 'Untitled'.
[2022.01.15-14.10.53:825][  0]LogNetVersion: Set ProjectVersion to 1.0.0.0. Version Checksum will be recalculated on next use.
[2022.01.15-14.10.53:909][  0]LogDerivedDataCache: Saved boot cache 0.08s 94MB C:/Users/zuly-/AppData/Local/UnrealEngine/4.27/DerivedDataCache/Boot.ddc.
[2022.01.15-14.10.53:910][  0]LogInit: Texture streaming: Enabled
[2022.01.15-14.10.53:926][  0]LogAnalytics: Display: [UEEditor.Rocket.Release] APIServer = https://datarouter.ol.epicgames.com/. AppVersion = 4.27.2-18319896+++UE4+Release-4.27
[2022.01.15-14.10.53:930][  0]LogEngineSessionManager: EngineSessionManager initialized
[2022.01.15-14.10.53:930][  0]LogEditorSessionSummary: Verbose: Initializing EditorSessionSummaryWriter for editor session tracking
[2022.01.15-14.10.53:933][  0]LogEditorSessionSummary: EditorSessionSummaryWriter initialized
[2022.01.15-14.10.53:966][  0]LogInit: Transaction tracking system initialized
[2022.01.15-14.10.53:999][  0]BlueprintLog: New page: Editor Load
[2022.01.15-14.10.54:080][  0]LocalizationService: Localization service is disabled
[2022.01.15-14.10.54:112][  0]TimingProfiler: Initialize
[2022.01.15-14.10.54:112][  0]TimingProfiler: OnSessionChanged
[2022.01.15-14.10.54:112][  0]LoadingProfiler: Initialize
[2022.01.15-14.10.54:113][  0]LoadingProfiler: OnSessionChanged
[2022.01.15-14.10.54:113][  0]NetworkingProfiler: Initialize
[2022.01.15-14.10.54:113][  0]NetworkingProfiler: OnSessionChanged
[2022.01.15-14.10.54:113][  0]MemoryProfiler: Initialize
[2022.01.15-14.10.54:113][  0]MemoryProfiler: OnSessionChanged
[2022.01.15-14.10.54:371][  0]LogCook: Display: CookSettings for Memory: MemoryMaxUsedVirtual 0MiB, MemoryMaxUsedPhysical 16384MiB, MemoryMinFreeVirtual 0MiB, MemoryMinFreePhysical 1024MiB
[2022.01.15-14.10.54:371][  0]LogCook: Display: Mobile HDR setting 1
[2022.01.15-14.10.54:619][  0]LogFileCache: Scanning file cache for directory 'C:/Users/zuly-/OneDrive/Documentos/UnrealEngneCourse/UnrealUltimateGameDevCourse/FirstProject/Content/' took 0.01s
[2022.01.15-14.10.54:963][  0]LogInit: Display: Engine is initialized. Leaving FEngineLoop::Init()
[2022.01.15-14.10.54:966][  0]SourceControl: Source control is disabled
[2022.01.15-14.10.55:121][  0]LogSlate: Took 0.000260 seconds to synchronously load lazily loaded font '../../../Engine/Content/Slate/Fonts/Roboto-Regular.ttf' (155K)
[2022.01.15-14.10.57:541][  0]LogSlate: Window 'Restore Packages' being destroyed
[2022.01.15-14.10.57:568][  0]LogUnrealEdMisc: Loading editor; pre map load, took 12.747
[2022.01.15-14.10.57:580][  0]LightingResults: New page: Lighting Build
[2022.01.15-14.10.57:583][  0]LogWorld: UWorld::CleanupWorld for Untitled, bSessionEnded=true, bCleanupResources=true
[2022.01.15-14.10.57:583][  0]LogSlate: InvalidateAllWidgets triggered.  All widgets were invalidated
[2022.01.15-14.10.57:584][  0]MapCheck: New page: Map Check
[2022.01.15-14.10.57:584][  0]LightingResults: New page: Lighting Build
[2022.01.15-14.10.57:601][  0]LogAudio: Display: Audio Device unregistered from world 'None'.
[2022.01.15-14.10.57:606][  0]LogUObjectHash: Compacting FUObjectHashTables data took   1.51ms
[2022.01.15-14.10.57:800][  0]LogTexture: Display: Building textures: DeprecatedTextureD6C57B644F03DADF4F2699848FAEA3C3 (BGRA8, 128X128)
[2022.01.15-14.10.57:810][  0]LogTexture: Display: Building textures: DeprecatedTexture8D91C9AE4C6B8D628CDA3C848426284A (BGRA8, 128X128)
[2022.01.15-14.10.57:927][  0]LogAudio: Display: Audio Device (ID: 1) registered with world 'Minimal_Default'.
[2022.01.15-14.10.57:928][  0]LogAIModule: Creating AISystem for world Minimal_Default
[2022.01.15-14.10.57:937][  0]LogEditorServer: Finished looking for orphan Actors (0.000 secs)
[2022.01.15-14.10.57:950][  0]LogUObjectHash: Compacting FUObjectHashTables data took   1.40ms
[2022.01.15-14.10.57:951][  0]Cmd: MAP CHECKDEP NOCLEARLOG
[2022.01.15-14.10.57:952][  0]MapCheck: Map check complete: 0 Error(s), 0 Warning(s), took 0.33ms to complete.
[2022.01.15-14.10.57:952][  0]LogFileHelpers: Loading map 'Minimal_Default' took 0.384
[2022.01.15-14.10.57:958][  0]LogUnrealEdMisc: Total Editor Startup Time, took 13.138
[2022.01.15-14.10.58:071][  0]LogSlate: Updating window title bar state: overlay mode, drag disabled, window buttons hidden, title bar hidden
[2022.01.15-14.10.58:079][  0]LogSlate: Updating window title bar state: overlay mode, drag disabled, window buttons hidden, title bar hidden
[2022.01.15-14.10.58:087][  0]LogSlate: Updating window title bar state: overlay mode, drag disabled, window buttons hidden, title bar hidden
[2022.01.15-14.10.58:095][  0]LogSlate: Updating window title bar state: overlay mode, drag disabled, window buttons hidden, title bar hidden
[2022.01.15-14.10.58:118][  0]LogNativeClassHierarchy: Verbose: Native class hierarchy populated in 0.0120 seconds. Added 3826 classes and 931 folders.
[2022.01.15-14.10.58:124][  0]LogNativeClassHierarchy: Verbose: Native class hierarchy updated for 'WidgetCarousel' in 0.0003 seconds. Added 0 classes and 0 folders.
[2022.01.15-14.10.58:136][  0]LogPakFile: PakFile PrimaryIndexSize=187
[2022.01.15-14.10.58:136][  0]LogPakFile: PakFile PathHashIndexSize=101
[2022.01.15-14.10.58:136][  0]LogPakFile: PakFile FullDirectoryIndexSize=148
[2022.01.15-14.10.58:137][  0]LogShaderLibrary: Display: ShaderCodeLibraryPakFileMountedCallback: PakFile 'C:/Program Files/Epic Games/UE_4.27/FeaturePacks/FP_FirstPerson.upack' (chunk index -1, root 'root:/') mounted
[2022.01.15-14.10.58:137][  0]LogShaderLibrary: Display: ShaderCodeLibraryPakFileMountedCallback: pending pak file info (ChunkID:-1 Root:root:/ File:C:/Program Files/Epic Games/UE_4.27/FeaturePacks/FP_FirstPerson.upack)
[2022.01.15-14.10.58:137][  0]LogPakFile: OnPakFileMounted2Time == 0.000114
[2022.01.15-14.10.58:145][  0]LogPakFile: PakFile PrimaryIndexSize=189
[2022.01.15-14.10.58:145][  0]LogPakFile: PakFile PathHashIndexSize=101
[2022.01.15-14.10.58:145][  0]LogPakFile: PakFile FullDirectoryIndexSize=152
[2022.01.15-14.10.58:145][  0]LogShaderLibrary: Display: ShaderCodeLibraryPakFileMountedCallback: PakFile 'C:/Program Files/Epic Games/UE_4.27/FeaturePacks/FP_FirstPersonBP.upack' (chunk index -1, root 'root:/') mounted
[2022.01.15-14.10.58:146][  0]LogShaderLibrary: Display: ShaderCodeLibraryPakFileMountedCallback: pending pak file info (ChunkID:-1 Root:root:/ File:C:/Program Files/Epic Games/UE_4.27/FeaturePacks/FP_FirstPersonBP.upack)
[2022.01.15-14.10.58:146][  0]LogPakFile: OnPakFileMounted2Time == 0.000179
[2022.01.15-14.10.58:152][  0]LogPakFile: PakFile PrimaryIndexSize=191
[2022.01.15-14.10.58:153][  0]LogPakFile: PakFile PathHashIndexSize=101
[2022.01.15-14.10.58:153][  0]LogPakFile: PakFile FullDirectoryIndexSize=160
[2022.01.15-14.10.58:153][  0]LogShaderLibrary: Display: ShaderCodeLibraryPakFileMountedCallback: PakFile 'C:/Program Files/Epic Games/UE_4.27/FeaturePacks/MobileStarterContent.upack' (chunk index -1, root 'root:/') mounted
[2022.01.15-14.10.58:153][  0]LogShaderLibrary: Display: ShaderCodeLibraryPakFileMountedCallback: pending pak file info (ChunkID:-1 Root:root:/ File:C:/Program Files/Epic Games/UE_4.27/FeaturePacks/MobileStarterContent.upack)
[2022.01.15-14.10.58:153][  0]LogPakFile: OnPakFileMounted2Time == 0.000055
[2022.01.15-14.10.58:159][  0]LogPakFile: PakFile PrimaryIndexSize=185
[2022.01.15-14.10.58:159][  0]LogPakFile: PakFile PathHashIndexSize=101
[2022.01.15-14.10.58:159][  0]LogPakFile: PakFile FullDirectoryIndexSize=148
[2022.01.15-14.10.58:159][  0]LogShaderLibrary: Display: ShaderCodeLibraryPakFileMountedCallback: PakFile 'C:/Program Files/Epic Games/UE_4.27/FeaturePacks/StarterContent.upack' (chunk index -1, root 'root:/') mounted
[2022.01.15-14.10.58:160][  0]LogShaderLibrary: Display: ShaderCodeLibraryPakFileMountedCallback: pending pak file info (ChunkID:-1 Root:root:/ File:C:/Program Files/Epic Games/UE_4.27/FeaturePacks/StarterContent.upack)
[2022.01.15-14.10.58:160][  0]LogPakFile: OnPakFileMounted2Time == 0.000071
[2022.01.15-14.10.58:168][  0]LogPakFile: PakFile PrimaryIndexSize=190
[2022.01.15-14.10.58:168][  0]LogPakFile: PakFile PathHashIndexSize=101
[2022.01.15-14.10.58:168][  0]LogPakFile: PakFile FullDirectoryIndexSize=154
[2022.01.15-14.10.58:168][  0]LogShaderLibrary: Display: ShaderCodeLibraryPakFileMountedCallback: PakFile 'C:/Program Files/Epic Games/UE_4.27/FeaturePacks/TP_2DSideScroller.upack' (chunk index -1, root 'root:/') mounted
[2022.01.15-14.10.58:168][  0]LogShaderLibrary: Display: ShaderCodeLibraryPakFileMountedCallback: pending pak file info (ChunkID:-1 Root:root:/ File:C:/Program Files/Epic Games/UE_4.27/FeaturePacks/TP_2DSideScroller.upack)
[2022.01.15-14.10.58:168][  0]LogPakFile: OnPakFileMounted2Time == 0.000055
[2022.01.15-14.10.58:174][  0]LogPakFile: PakFile PrimaryIndexSize=192
[2022.01.15-14.10.58:174][  0]LogPakFile: PakFile PathHashIndexSize=101
[2022.01.15-14.10.58:174][  0]LogPakFile: PakFile FullDirectoryIndexSize=158
[2022.01.15-14.10.58:174][  0]LogShaderLibrary: Display: ShaderCodeLibraryPakFileMountedCallback: PakFile 'C:/Program Files/Epic Games/UE_4.27/FeaturePacks/TP_2DSideScrollerBP.upack' (chunk index -1, root 'root:/') mounted
[2022.01.15-14.10.58:174][  0]LogShaderLibrary: Display: ShaderCodeLibraryPakFileMountedCallback: pending pak file info (ChunkID:-1 Root:root:/ File:C:/Program Files/Epic Games/UE_4.27/FeaturePacks/TP_2DSideScrollerBP.upack)
[2022.01.15-14.10.58:174][  0]LogPakFile: OnPakFileMounted2Time == 0.000054
[2022.01.15-14.10.58:181][  0]LogPakFile: PakFile PrimaryIndexSize=182
[2022.01.15-14.10.58:181][  0]LogPakFile: PakFile PathHashIndexSize=101
[2022.01.15-14.10.58:181][  0]LogPakFile: PakFile FullDirectoryIndexSize=138
[2022.01.15-14.10.58:181][  0]LogShaderLibrary: Display: ShaderCodeLibraryPakFileMountedCallback: PakFile 'C:/Program Files/Epic Games/UE_4.27/FeaturePacks/TP_Flying.upack' (chunk index -1, root 'root:/') mounted
[2022.01.15-14.10.58:181][  0]LogShaderLibrary: Display: ShaderCodeLibraryPakFileMountedCallback: pending pak file info (ChunkID:-1 Root:root:/ File:C:/Program Files/Epic Games/UE_4.27/FeaturePacks/TP_Flying.upack)
[2022.01.15-14.10.58:181][  0]LogPakFile: OnPakFileMounted2Time == 0.000054
[2022.01.15-14.10.58:189][  0]LogPakFile: PakFile PrimaryIndexSize=184
[2022.01.15-14.10.58:189][  0]LogPakFile: PakFile PathHashIndexSize=101
[2022.01.15-14.10.58:189][  0]LogPakFile: PakFile FullDirectoryIndexSize=142
[2022.01.15-14.10.58:189][  0]LogShaderLibrary: Display: ShaderCodeLibraryPakFileMountedCallback: PakFile 'C:/Program Files/Epic Games/UE_4.27/FeaturePacks/TP_FlyingBP.upack' (chunk index -1, root 'root:/') mounted
[2022.01.15-14.10.58:189][  0]LogShaderLibrary: Display: ShaderCodeLibraryPakFileMountedCallback: pending pak file info (ChunkID:-1 Root:root:/ File:C:/Program Files/Epic Games/UE_4.27/FeaturePacks/TP_FlyingBP.upack)
[2022.01.15-14.10.58:189][  0]LogPakFile: OnPakFileMounted2Time == 0.000053
[2022.01.15-14.10.58:198][  0]LogPakFile: PakFile PrimaryIndexSize=188
[2022.01.15-14.10.58:198][  0]LogPakFile: PakFile PathHashIndexSize=101
[2022.01.15-14.10.58:198][  0]LogPakFile: PakFile FullDirectoryIndexSize=150
[2022.01.15-14.10.58:198][  0]LogShaderLibrary: Display: ShaderCodeLibraryPakFileMountedCallback: PakFile 'C:/Program Files/Epic Games/UE_4.27/FeaturePacks/TP_HandheldARBP.upack' (chunk index -1, root 'root:/') mounted
[2022.01.15-14.10.58:198][  0]LogShaderLibrary: Display: ShaderCodeLibraryPakFileMountedCallback: pending pak file info (ChunkID:-1 Root:root:/ File:C:/Program Files/Epic Games/UE_4.27/FeaturePacks/TP_HandheldARBP.upack)
[2022.01.15-14.10.58:198][  0]LogPakFile: OnPakFileMounted2Time == 0.000049
[2022.01.15-14.10.58:209][  0]LogPakFile: PakFile PrimaryIndexSize=182
[2022.01.15-14.10.58:209][  0]LogPakFile: PakFile PathHashIndexSize=101
[2022.01.15-14.10.58:209][  0]LogPakFile: PakFile FullDirectoryIndexSize=138
[2022.01.15-14.10.58:209][  0]LogShaderLibrary: Display: ShaderCodeLibraryPakFileMountedCallback: PakFile 'C:/Program Files/Epic Games/UE_4.27/FeaturePacks/TP_Puzzle.upack' (chunk index -1, root 'root:/') mounted
[2022.01.15-14.10.58:210][  0]LogShaderLibrary: Display: ShaderCodeLibraryPakFileMountedCallback: pending pak file info (ChunkID:-1 Root:root:/ File:C:/Program Files/Epic Games/UE_4.27/FeaturePacks/TP_Puzzle.upack)
[2022.01.15-14.10.58:210][  0]LogPakFile: OnPakFileMounted2Time == 0.000074
[2022.01.15-14.10.58:216][  0]LogPakFile: PakFile PrimaryIndexSize=184
[2022.01.15-14.10.58:216][  0]LogPakFile: PakFile PathHashIndexSize=101
[2022.01.15-14.10.58:216][  0]LogPakFile: PakFile FullDirectoryIndexSize=142
[2022.01.15-14.10.58:216][  0]LogShaderLibrary: Display: ShaderCodeLibraryPakFileMountedCallback: PakFile 'C:/Program Files/Epic Games/UE_4.27/FeaturePacks/TP_PuzzleBP.upack' (chunk index -1, root 'root:/') mounted
[2022.01.15-14.10.58:216][  0]LogShaderLibrary: Display: ShaderCodeLibraryPakFileMountedCallback: pending pak file info (ChunkID:-1 Root:root:/ File:C:/Program Files/Epic Games/UE_4.27/FeaturePacks/TP_PuzzleBP.upack)
[2022.01.15-14.10.58:216][  0]LogPakFile: OnPakFileMounted2Time == 0.000052
[2022.01.15-14.10.58:225][  0]LogPakFile: PakFile PrimaryIndexSize=183
[2022.01.15-14.10.58:225][  0]LogPakFile: PakFile PathHashIndexSize=101
[2022.01.15-14.10.58:225][  0]LogPakFile: PakFile FullDirectoryIndexSize=140
[2022.01.15-14.10.58:225][  0]LogShaderLibrary: Display: ShaderCodeLibraryPakFileMountedCallback: PakFile 'C:/Program Files/Epic Games/UE_4.27/FeaturePacks/TP_Rolling.upack' (chunk index -1, root 'root:/') mounted
[2022.01.15-14.10.58:225][  0]LogShaderLibrary: Display: ShaderCodeLibraryPakFileMountedCallback: pending pak file info (ChunkID:-1 Root:root:/ File:C:/Program Files/Epic Games/UE_4.27/FeaturePacks/TP_Rolling.upack)
[2022.01.15-14.10.58:226][  0]LogPakFile: OnPakFileMounted2Time == 0.000068
[2022.01.15-14.10.58:233][  0]LogPakFile: PakFile PrimaryIndexSize=185
[2022.01.15-14.10.58:233][  0]LogPakFile: PakFile PathHashIndexSize=101
[2022.01.15-14.10.58:233][  0]LogPakFile: PakFile FullDirectoryIndexSize=144
[2022.01.15-14.10.58:233][  0]LogShaderLibrary: Display: ShaderCodeLibraryPakFileMountedCallback: PakFile 'C:/Program Files/Epic Games/UE_4.27/FeaturePacks/TP_RollingBP.upack' (chunk index -1, root 'root:/') mounted
[2022.01.15-14.10.58:233][  0]LogShaderLibrary: Display: ShaderCodeLibraryPakFileMountedCallback: pending pak file info (ChunkID:-1 Root:root:/ File:C:/Program Files/Epic Games/UE_4.27/FeaturePacks/TP_RollingBP.upack)
[2022.01.15-14.10.58:233][  0]LogPakFile: OnPakFileMounted2Time == 0.000053
[2022.01.15-14.10.58:241][  0]LogPakFile: PakFile PrimaryIndexSize=188
[2022.01.15-14.10.58:241][  0]LogPakFile: PakFile PathHashIndexSize=101
[2022.01.15-14.10.58:241][  0]LogPakFile: PakFile FullDirectoryIndexSize=150
[2022.01.15-14.10.58:241][  0]LogShaderLibrary: Display: ShaderCodeLibraryPakFileMountedCallback: PakFile 'C:/Program Files/Epic Games/UE_4.27/FeaturePacks/TP_SideScroller.upack' (chunk index -1, root 'root:/') mounted
[2022.01.15-14.10.58:241][  0]LogShaderLibrary: Display: ShaderCodeLibraryPakFileMountedCallback: pending pak file info (ChunkID:-1 Root:root:/ File:C:/Program Files/Epic Games/UE_4.27/FeaturePacks/TP_SideScroller.upack)
[2022.01.15-14.10.58:241][  0]LogPakFile: OnPakFileMounted2Time == 0.000051
[2022.01.15-14.10.58:248][  0]LogPakFile: PakFile PrimaryIndexSize=190
[2022.01.15-14.10.58:248][  0]LogPakFile: PakFile PathHashIndexSize=101
[2022.01.15-14.10.58:248][  0]LogPakFile: PakFile FullDirectoryIndexSize=154
[2022.01.15-14.10.58:248][  0]LogShaderLibrary: Display: ShaderCodeLibraryPakFileMountedCallback: PakFile 'C:/Program Files/Epic Games/UE_4.27/FeaturePacks/TP_SideScrollerBP.upack' (chunk index -1, root 'root:/') mounted
[2022.01.15-14.10.58:248][  0]LogShaderLibrary: Display: ShaderCodeLibraryPakFileMountedCallback: pending pak file info (ChunkID:-1 Root:root:/ File:C:/Program Files/Epic Games/UE_4.27/FeaturePacks/TP_SideScrollerBP.upack)
[2022.01.15-14.10.58:248][  0]LogPakFile: OnPakFileMounted2Time == 0.000075
[2022.01.15-14.10.58:257][  0]LogPakFile: PakFile PrimaryIndexSize=187
[2022.01.15-14.10.58:257][  0]LogPakFile: PakFile PathHashIndexSize=101
[2022.01.15-14.10.58:257][  0]LogPakFile: PakFile FullDirectoryIndexSize=148
[2022.01.15-14.10.58:257][  0]LogShaderLibrary: Display: ShaderCodeLibraryPakFileMountedCallback: PakFile 'C:/Program Files/Epic Games/UE_4.27/FeaturePacks/TP_ThirdPerson.upack' (chunk index -1, root 'root:/') mounted
[2022.01.15-14.10.58:257][  0]LogShaderLibrary: Display: ShaderCodeLibraryPakFileMountedCallback: pending pak file info (ChunkID:-1 Root:root:/ File:C:/Program Files/Epic Games/UE_4.27/FeaturePacks/TP_ThirdPerson.upack)
[2022.01.15-14.10.58:257][  0]LogPakFile: OnPakFileMounted2Time == 0.000087
[2022.01.15-14.10.58:265][  0]LogPakFile: PakFile PrimaryIndexSize=189
[2022.01.15-14.10.58:265][  0]LogPakFile: PakFile PathHashIndexSize=101
[2022.01.15-14.10.58:265][  0]LogPakFile: PakFile FullDirectoryIndexSize=152
[2022.01.15-14.10.58:265][  0]LogShaderLibrary: Display: ShaderCodeLibraryPakFileMountedCallback: PakFile 'C:/Program Files/Epic Games/UE_4.27/FeaturePacks/TP_ThirdPersonBP.upack' (chunk index -1, root 'root:/') mounted
[2022.01.15-14.10.58:265][  0]LogShaderLibrary: Display: ShaderCodeLibraryPakFileMountedCallback: pending pak file info (ChunkID:-1 Root:root:/ File:C:/Program Files/Epic Games/UE_4.27/FeaturePacks/TP_ThirdPersonBP.upack)
[2022.01.15-14.10.58:265][  0]LogPakFile: OnPakFileMounted2Time == 0.000050
[2022.01.15-14.10.58:272][  0]LogPakFile: PakFile PrimaryIndexSize=183
[2022.01.15-14.10.58:272][  0]LogPakFile: PakFile PathHashIndexSize=101
[2022.01.15-14.10.58:272][  0]LogPakFile: PakFile FullDirectoryIndexSize=140
[2022.01.15-14.10.58:272][  0]LogShaderLibrary: Display: ShaderCodeLibraryPakFileMountedCallback: PakFile 'C:/Program Files/Epic Games/UE_4.27/FeaturePacks/TP_TopDown.upack' (chunk index -1, root 'root:/') mounted
[2022.01.15-14.10.58:272][  0]LogShaderLibrary: Display: ShaderCodeLibraryPakFileMountedCallback: pending pak file info (ChunkID:-1 Root:root:/ File:C:/Program Files/Epic Games/UE_4.27/FeaturePacks/TP_TopDown.upack)
[2022.01.15-14.10.58:272][  0]LogPakFile: OnPakFileMounted2Time == 0.000063
[2022.01.15-14.10.58:280][  0]LogPakFile: PakFile PrimaryIndexSize=185
[2022.01.15-14.10.58:281][  0]LogPakFile: PakFile PathHashIndexSize=101
[2022.01.15-14.10.58:281][  0]LogPakFile: PakFile FullDirectoryIndexSize=144
[2022.01.15-14.10.58:281][  0]LogShaderLibrary: Display: ShaderCodeLibraryPakFileMountedCallback: PakFile 'C:/Program Files/Epic Games/UE_4.27/FeaturePacks/TP_TopDownBP.upack' (chunk index -1, root 'root:/') mounted
[2022.01.15-14.10.58:281][  0]LogShaderLibrary: Display: ShaderCodeLibraryPakFileMountedCallback: pending pak file info (ChunkID:-1 Root:root:/ File:C:/Program Files/Epic Games/UE_4.27/FeaturePacks/TP_TopDownBP.upack)
[2022.01.15-14.10.58:281][  0]LogPakFile: OnPakFileMounted2Time == 0.000051
[2022.01.15-14.10.58:293][  0]LogPakFile: PakFile PrimaryIndexSize=185
[2022.01.15-14.10.58:293][  0]LogPakFile: PakFile PathHashIndexSize=101
[2022.01.15-14.10.58:293][  0]LogPakFile: PakFile FullDirectoryIndexSize=144
[2022.01.15-14.10.58:293][  0]LogShaderLibrary: Display: ShaderCodeLibraryPakFileMountedCallback: PakFile 'C:/Program Files/Epic Games/UE_4.27/FeaturePacks/TP_TwinStick.upack' (chunk index -1, root 'root:/') mounted
[2022.01.15-14.10.58:293][  0]LogShaderLibrary: Display: ShaderCodeLibraryPakFileMountedCallback: pending pak file info (ChunkID:-1 Root:root:/ File:C:/Program Files/Epic Games/UE_4.27/FeaturePacks/TP_TwinStick.upack)
[2022.01.15-14.10.58:293][  0]LogPakFile: OnPakFileMounted2Time == 0.000059
[2022.01.15-14.10.58:300][  0]LogPakFile: PakFile PrimaryIndexSize=187
[2022.01.15-14.10.58:300][  0]LogPakFile: PakFile PathHashIndexSize=101
[2022.01.15-14.10.58:300][  0]LogPakFile: PakFile FullDirectoryIndexSize=148
[2022.01.15-14.10.58:300][  0]LogShaderLibrary: Display: ShaderCodeLibraryPakFileMountedCallback: PakFile 'C:/Program Files/Epic Games/UE_4.27/FeaturePacks/TP_TwinStickBP.upack' (chunk index -1, root 'root:/') mounted
[2022.01.15-14.10.58:300][  0]LogShaderLibrary: Display: ShaderCodeLibraryPakFileMountedCallback: pending pak file info (ChunkID:-1 Root:root:/ File:C:/Program Files/Epic Games/UE_4.27/FeaturePacks/TP_TwinStickBP.upack)
[2022.01.15-14.10.58:300][  0]LogPakFile: OnPakFileMounted2Time == 0.000054
[2022.01.15-14.10.58:308][  0]LogPakFile: PakFile PrimaryIndexSize=183
[2022.01.15-14.10.58:308][  0]LogPakFile: PakFile PathHashIndexSize=101
[2022.01.15-14.10.58:308][  0]LogPakFile: PakFile FullDirectoryIndexSize=140
[2022.01.15-14.10.58:308][  0]LogShaderLibrary: Display: ShaderCodeLibraryPakFileMountedCallback: PakFile 'C:/Program Files/Epic Games/UE_4.27/FeaturePacks/TP_Vehicle.upack' (chunk index -1, root 'root:/') mounted
[2022.01.15-14.10.58:308][  0]LogShaderLibrary: Display: ShaderCodeLibraryPakFileMountedCallback: pending pak file info (ChunkID:-1 Root:root:/ File:C:/Program Files/Epic Games/UE_4.27/FeaturePacks/TP_Vehicle.upack)
[2022.01.15-14.10.58:308][  0]LogPakFile: OnPakFileMounted2Time == 0.000053
[2022.01.15-14.10.58:316][  0]LogPakFile: PakFile PrimaryIndexSize=186
[2022.01.15-14.10.58:316][  0]LogPakFile: PakFile PathHashIndexSize=101
[2022.01.15-14.10.58:316][  0]LogPakFile: PakFile FullDirectoryIndexSize=146
[2022.01.15-14.10.58:316][  0]LogShaderLibrary: Display: ShaderCodeLibraryPakFileMountedCallback: PakFile 'C:/Program Files/Epic Games/UE_4.27/FeaturePacks/TP_VehicleAdv.upack' (chunk index -1, root 'root:/') mounted
[2022.01.15-14.10.58:316][  0]LogShaderLibrary: Display: ShaderCodeLibraryPakFileMountedCallback: pending pak file info (ChunkID:-1 Root:root:/ File:C:/Program Files/Epic Games/UE_4.27/FeaturePacks/TP_VehicleAdv.upack)
[2022.01.15-14.10.58:316][  0]LogPakFile: OnPakFileMounted2Time == 0.000053
[2022.01.15-14.10.58:324][  0]LogPakFile: PakFile PrimaryIndexSize=188
[2022.01.15-14.10.58:324][  0]LogPakFile: PakFile PathHashIndexSize=101
[2022.01.15-14.10.58:324][  0]LogPakFile: PakFile FullDirectoryIndexSize=150
[2022.01.15-14.10.58:324][  0]LogShaderLibrary: Display: ShaderCodeLibraryPakFileMountedCallback: PakFile 'C:/Program Files/Epic Games/UE_4.27/FeaturePacks/TP_VehicleAdvBP.upack' (chunk index -1, root 'root:/') mounted
[2022.01.15-14.10.58:324][  0]LogShaderLibrary: Display: ShaderCodeLibraryPakFileMountedCallback: pending pak file info (ChunkID:-1 Root:root:/ File:C:/Program Files/Epic Games/UE_4.27/FeaturePacks/TP_VehicleAdvBP.upack)
[2022.01.15-14.10.58:324][  0]LogPakFile: OnPakFileMounted2Time == 0.000058
[2022.01.15-14.10.58:332][  0]LogPakFile: PakFile PrimaryIndexSize=185
[2022.01.15-14.10.58:332][  0]LogPakFile: PakFile PathHashIndexSize=101
[2022.01.15-14.10.58:332][  0]LogPakFile: PakFile FullDirectoryIndexSize=144
[2022.01.15-14.10.58:332][  0]LogShaderLibrary: Display: ShaderCodeLibraryPakFileMountedCallback: PakFile 'C:/Program Files/Epic Games/UE_4.27/FeaturePacks/TP_VehicleBP.upack' (chunk index -1, root 'root:/') mounted
[2022.01.15-14.10.58:332][  0]LogShaderLibrary: Display: ShaderCodeLibraryPakFileMountedCallback: pending pak file info (ChunkID:-1 Root:root:/ File:C:/Program Files/Epic Games/UE_4.27/FeaturePacks/TP_VehicleBP.upack)
[2022.01.15-14.10.58:332][  0]LogPakFile: OnPakFileMounted2Time == 0.000055
[2022.01.15-14.10.58:339][  0]LogPakFile: PakFile PrimaryIndexSize=192
[2022.01.15-14.10.58:339][  0]LogPakFile: PakFile PathHashIndexSize=101
[2022.01.15-14.10.58:339][  0]LogPakFile: PakFile FullDirectoryIndexSize=158
[2022.01.15-14.10.58:339][  0]LogShaderLibrary: Display: ShaderCodeLibraryPakFileMountedCallback: PakFile 'C:/Program Files/Epic Games/UE_4.27/FeaturePacks/TP_VirtualRealityBP.upack' (chunk index -1, root 'root:/') mounted
[2022.01.15-14.10.58:339][  0]LogShaderLibrary: Display: ShaderCodeLibraryPakFileMountedCallback: pending pak file info (ChunkID:-1 Root:root:/ File:C:/Program Files/Epic Games/UE_4.27/FeaturePacks/TP_VirtualRealityBP.upack)
[2022.01.15-14.10.58:339][  0]LogPakFile: OnPakFileMounted2Time == 0.000054
[2022.01.15-14.10.58:673][  0]LogNativeClassHierarchy: Verbose: Native class hierarchy updated for 'AddContentDialog' in 0.0003 seconds. Added 0 classes and 0 folders.
[2022.01.15-14.10.58:674][  0]LogNativeClassHierarchy: Verbose: Native class hierarchy updated for 'SceneOutliner' in 0.0003 seconds. Added 2 classes and 0 folders.
[2022.01.15-14.10.58:723][  0]LogSlate: Took 0.009512 seconds to synchronously load lazily loaded font '../../../Engine/Content/Editor/Slate/Fonts/FontAwesome.ttf' (139K)
[2022.01.15-14.10.58:723][  0]LogSlate: Took 0.000204 seconds to synchronously load lazily loaded font '../../../Engine/Content/Slate/Fonts/Roboto-Bold.ttf' (160K)
[2022.01.15-14.10.58:850][  0]LogRenderer: Reallocating scene render targets to support 1208x572 Format 10 NumSamples 1 (Frame:1).
[2022.01.15-14.10.58:921][  0]LogSlate: Took 0.008676 seconds to synchronously load lazily loaded font '../../../Engine/Content/Slate/Fonts/Roboto-Light.ttf' (167K)
[2022.01.15-14.10.59:090][  0]LogNativeClassHierarchy: Verbose: Native class hierarchy updated for 'HierarchicalLODOutliner' in 0.0003 seconds. Added 0 classes and 0 folders.
[2022.01.15-14.10.59:090][  0]LogLoad: (Engine Initialization) Total time: 14.27 seconds
[2022.01.15-14.10.59:090][  0]LogLoad: (Engine Initialization) Total Blueprint compile time: 0.00 seconds
[2022.01.15-14.10.59:163][  0]LogAssetRegistry: Asset discovery search completed in 9.3412 seconds
[2022.01.15-14.10.59:171][  0]LogCollectionManager: Fixed up redirectors for 0 collections in 0.000004 seconds (updated 0 objects)
[2022.01.15-14.10.59:173][  0]LogContentStreaming: Texture pool size now 1000 MB
[2022.01.15-14.11.00:142][ 39]LogSlate: Took 0.000281 seconds to synchronously load lazily loaded font '../../../Engine/Content/Slate/Fonts/Roboto-Light.ttf' (167K)
[2022.01.15-14.11.40:612][465]LogFactory: FactoryCreateFile: StaticMesh with FbxFactory (0 0 ../../../../../../Users/zuly-/OneDrive/Documentos/Unreal Projects/UEAssets/IcoSphere.fbx)
[2022.01.15-14.11.40:628][465]LogFbx: Loading FBX Scene from ../../../../../../Users/zuly-/OneDrive/Documentos/Unreal Projects/UEAssets/IcoSphere.fbx
[2022.01.15-14.11.40:635][465]LogFbx: FBX Scene Loaded Succesfully
[2022.01.15-14.11.46:677][465]LogRHI: Error: Present Fail Count 1
[2022.01.15-14.11.46:677][465]LogRHI: Error: SyncInterval 0
[2022.01.15-14.11.46:677][465]LogRHI: Error: SwapChainDesc.BufferDesc.Width 741
[2022.01.15-14.11.46:677][465]LogRHI: Error: SwapChainDesc.BufferDesc.Height 57
[2022.01.15-14.11.46:677][465]LogRHI: Error: SwapChainDesc.BufferDesc.RefreshRate.Numerator 0
[2022.01.15-14.11.46:677][465]LogRHI: Error: SwapChainDesc.BufferDesc.RefreshRate.Denominator 0
[2022.01.15-14.11.46:677][465]LogRHI: Error: SwapChainDesc.BufferDesc.Format 24
[2022.01.15-14.11.46:677][465]LogRHI: Error: SwapChainDesc.BufferDesc.ScanlineOrdering 0
[2022.01.15-14.11.46:677][465]LogRHI: Error: SwapChainDesc.BufferDesc.Scaling 0
[2022.01.15-14.11.46:677][465]LogRHI: Error: SwapChainDesc.SampleDesc.Count 1
[2022.01.15-14.11.46:677][465]LogRHI: Error: SwapChainDesc.SampleDesc.Quality 0
[2022.01.15-14.11.46:677][465]LogRHI: Error: SwapChainDesc.BufferUsage 48
[2022.01.15-14.11.46:677][465]LogRHI: Error: SwapChainDesc.BufferCount 2
[2022.01.15-14.11.46:677][465]LogRHI: Error: SwapChainDesc.OutputWindow 00000000000508AE
[2022.01.15-14.11.46:677][465]LogRHI: Error: SwapChainDesc.Windowed true
[2022.01.15-14.11.46:677][465]LogRHI: Error: SwapChainDesc.SwapEffect 4
[2022.01.15-14.11.46:677][465]LogRHI: Error: SwapChainDesc.Flags 2050
[2022.01.15-14.11.47:335][465]LogD3D11RHI: Error: SwapChain->ResizeBuffers(0, SizeX, SizeY, RenderTargetFormat, SwapChainFlags) failed 
 at D:/Build/++UE4/Sync/Engine/Source/Runtime/Windows/D3D11RHI/Private/D3D11Viewport.cpp:298 
 with error DXGI_ERROR_DEVICE_REMOVED, 
 (Size=424x809 Fullscreen=0 Format=DXGI_FORMAT_R10G10B10A2_UNORM(0x00000018)) -> (Size=424x749 Fullscreen=0 Format=DXGI_FORMAT_R10G10B10A2_UNORM(0x00000018))
[2022.01.15-14.11.47:335][465]LogD3D11RHI: [Aftermath] GDynamicRHI=0000016F89700340, GDX11NVAfterMathEnabled=0, Result=0xFFFFFFFF, bDeviceActive=0
[2022.01.15-14.11.47:335][465]LogOutputDevice: Warning: 

Script Stack (0 frames):

[2022.01.15-14.11.47:336][465]LogWindows: Windows GetLastError: The operation completed successfully. (0)
[2022.01.15-14.11.52:463][465]LogWindows: FPlatformMisc::RequestExit(0)
[2022.01.15-14.11.52:463][465]LogWindows: FPlatformMisc::RequestExitWithStatus(0, 0)
[2022.01.15-14.11.52:463][465]LogCore: Engine exit requested (reason: Win RequestExit)
[2022.01.15-14.11.52:464][465]LogWindows: FPlatformMisc::RequestExit(1)
[2022.01.15-14.11.52:464][465]LogWindows: FPlatformMisc::RequestExitWithStatus(1, 3)
[2022.01.15-14.11.52:464][465]LogCore: Engine exit requested (reason: Win RequestExit; note: exit was already requested)
[2022.01.15-14.11.52:475][465]Log file closed, 01/15/22 09:11:52
